{"/Volumes/Data/node_project/radgolf/radgolf_unit_test.js": {"path":"/Volumes/Data/node_project/radgolf/radgolf_unit_test.js","statementMap":{"0":{"start":{"line":2,"column":26},"end":{"line":2,"column":41}},"1":{"start":{"line":3,"column":16},"end":{"line":3,"column":34}},"2":{"start":{"line":4,"column":0},"end":{"line":4,"column":63}},"3":{"start":{"line":5,"column":0},"end":{"line":5,"column":27}},"4":{"start":{"line":6,"column":11},"end":{"line":6,"column":24}},"5":{"start":{"line":7,"column":12},"end":{"line":7,"column":21}},"6":{"start":{"line":8,"column":20},"end":{"line":8,"column":47}},"7":{"start":{"line":9,"column":0},"end":{"line":9,"column":77}},"8":{"start":{"line":12,"column":21},"end":{"line":12,"column":91}},"9":{"start":{"line":13,"column":23},"end":{"line":13,"column":95}},"10":{"start":{"line":14,"column":0},"end":{"line":14,"column":30}},"11":{"start":{"line":19,"column":19},"end":{"line":19,"column":89}},"12":{"start":{"line":20,"column":0},"end":{"line":20,"column":30}},"13":{"start":{"line":22,"column":0},"end":{"line":22,"column":21}}},"fnMap":{},"branchMap":{},"s":{"0":2,"1":2,"2":2,"3":2,"4":2,"5":2,"6":2,"7":2,"8":2,"9":2,"10":2,"11":2,"12":2,"13":2},"f":{},"b":{},"_coverageSchema":"1a1c01bbd47fc00a2c39e90264f33305004495a9","hash":"f2d883aa6926e6d1047b7d955444960887b79ba9"}
,"/Volumes/Data/node_project/radgolf/app/config/index.js": {"path":"/Volumes/Data/node_project/radgolf/app/config/index.js","statementMap":{"0":{"start":{"line":2,"column":0},"end":{"line":48,"column":2}}},"fnMap":{},"branchMap":{"0":{"loc":{"start":{"line":4,"column":8},"end":{"line":4,"column":32}},"type":"binary-expr","locations":[{"start":{"line":4,"column":8},"end":{"line":4,"column":24}},{"start":{"line":4,"column":28},"end":{"line":4,"column":32}}],"line":4},"1":{"loc":{"start":{"line":5,"column":11},"end":{"line":5,"column":45}},"type":"binary-expr","locations":[{"start":{"line":5,"column":11},"end":{"line":5,"column":31}},{"start":{"line":5,"column":35},"end":{"line":5,"column":45}}],"line":5},"2":{"loc":{"start":{"line":6,"column":7},"end":{"line":6,"column":44}},"type":"binary-expr","locations":[{"start":{"line":6,"column":7},"end":{"line":6,"column":27}},{"start":{"line":6,"column":31},"end":{"line":6,"column":44}}],"line":6},"3":{"loc":{"start":{"line":8,"column":31},"end":{"line":8,"column":75}},"type":"binary-expr","locations":[{"start":{"line":8,"column":31},"end":{"line":8,"column":64}},{"start":{"line":8,"column":68},"end":{"line":8,"column":75}}],"line":8},"4":{"loc":{"start":{"line":9,"column":26},"end":{"line":9,"column":62}},"type":"binary-expr","locations":[{"start":{"line":9,"column":26},"end":{"line":9,"column":53}},{"start":{"line":9,"column":57},"end":{"line":9,"column":62}}],"line":9},"5":{"loc":{"start":{"line":12,"column":8},"end":{"line":12,"column":36}},"type":"binary-expr","locations":[{"start":{"line":12,"column":8},"end":{"line":12,"column":27}},{"start":{"line":12,"column":31},"end":{"line":12,"column":36}}],"line":12},"6":{"loc":{"start":{"line":13,"column":12},"end":{"line":13,"column":44}},"type":"binary-expr","locations":[{"start":{"line":13,"column":12},"end":{"line":13,"column":31}},{"start":{"line":13,"column":35},"end":{"line":13,"column":44}}],"line":13},"7":{"loc":{"start":{"line":14,"column":12},"end":{"line":14,"column":53}},"type":"binary-expr","locations":[{"start":{"line":14,"column":12},"end":{"line":14,"column":31}},{"start":{"line":14,"column":35},"end":{"line":14,"column":53}}],"line":14},"8":{"loc":{"start":{"line":15,"column":12},"end":{"line":15,"column":44}},"type":"binary-expr","locations":[{"start":{"line":15,"column":12},"end":{"line":15,"column":31}},{"start":{"line":15,"column":35},"end":{"line":15,"column":44}}],"line":15},"9":{"loc":{"start":{"line":16,"column":8},"end":{"line":16,"column":59}},"type":"binary-expr","locations":[{"start":{"line":16,"column":8},"end":{"line":16,"column":27}},{"start":{"line":16,"column":31},"end":{"line":16,"column":59}}],"line":16},"10":{"loc":{"start":{"line":23,"column":13},"end":{"line":23,"column":52}},"type":"binary-expr","locations":[{"start":{"line":23,"column":13},"end":{"line":23,"column":35}},{"start":{"line":23,"column":39},"end":{"line":23,"column":52}}],"line":23},"11":{"loc":{"start":{"line":24,"column":17},"end":{"line":24,"column":51}},"type":"binary-expr","locations":[{"start":{"line":24,"column":17},"end":{"line":24,"column":43}},{"start":{"line":24,"column":47},"end":{"line":24,"column":51}}],"line":24},"12":{"loc":{"start":{"line":25,"column":14},"end":{"line":25,"column":42}},"type":"binary-expr","locations":[{"start":{"line":25,"column":14},"end":{"line":25,"column":36}},{"start":{"line":25,"column":40},"end":{"line":25,"column":42}}],"line":25},"13":{"loc":{"start":{"line":26,"column":24},"end":{"line":26,"column":90}},"type":"binary-expr","locations":[{"start":{"line":26,"column":24},"end":{"line":26,"column":56}},{"start":{"line":26,"column":60},"end":{"line":26,"column":90}}],"line":26},"14":{"loc":{"start":{"line":27,"column":27},"end":{"line":27,"column":71}},"type":"binary-expr","locations":[{"start":{"line":27,"column":27},"end":{"line":27,"column":63}},{"start":{"line":27,"column":67},"end":{"line":27,"column":71}}],"line":27},"15":{"loc":{"start":{"line":37,"column":14},"end":{"line":37,"column":71}},"type":"binary-expr","locations":[{"start":{"line":37,"column":14},"end":{"line":37,"column":36}},{"start":{"line":37,"column":40},"end":{"line":37,"column":71}}],"line":37}},"s":{"0":2},"f":{},"b":{"0":[2,0],"1":[2,0],"2":[2,0],"3":[2,0],"4":[2,0],"5":[2,0],"6":[2,2],"7":[2,2],"8":[2,2],"9":[2,0],"10":[2,0],"11":[2,0],"12":[2,0],"13":[2,0],"14":[2,0],"15":[2,0]},"_coverageSchema":"1a1c01bbd47fc00a2c39e90264f33305004495a9","hash":"6ae7fd55207cb9308729e8777d67e8952da4b346"}
,"/Volumes/Data/node_project/radgolf/app/helper/RequestHandler.js": {"path":"/Volumes/Data/node_project/radgolf/app/helper/RequestHandler.js","statementMap":{"0":{"start":{"line":1,"column":10},"end":{"line":1,"column":27}},"1":{"start":{"line":5,"column":2},"end":{"line":5,"column":23}},"2":{"start":{"line":9,"column":2},"end":{"line":9,"column":94}},"3":{"start":{"line":9,"column":20},"end":{"line":9,"column":92}},"4":{"start":{"line":13,"column":2},"end":{"line":18,"column":4}},"5":{"start":{"line":14,"column":3},"end":{"line":14,"column":58}},"6":{"start":{"line":14,"column":11},"end":{"line":14,"column":58}},"7":{"start":{"line":15,"column":3},"end":{"line":15,"column":21}},"8":{"start":{"line":16,"column":3},"end":{"line":16,"column":27}},"9":{"start":{"line":17,"column":3},"end":{"line":17,"column":11}},"10":{"start":{"line":22,"column":2},"end":{"line":22,"column":49}},"11":{"start":{"line":22,"column":14},"end":{"line":22,"column":49}},"12":{"start":{"line":23,"column":2},"end":{"line":23,"column":110}},"13":{"start":{"line":27,"column":2},"end":{"line":27,"column":99}},"14":{"start":{"line":28,"column":2},"end":{"line":35,"column":4}},"15":{"start":{"line":29,"column":3},"end":{"line":31,"column":4}},"16":{"start":{"line":30,"column":4},"end":{"line":30,"column":17}},"17":{"start":{"line":32,"column":3},"end":{"line":34,"column":6}},"18":{"start":{"line":39,"column":2},"end":{"line":39,"column":164}},"19":{"start":{"line":40,"column":2},"end":{"line":42,"column":5}},"20":{"start":{"line":45,"column":0},"end":{"line":45,"column":32}}},"fnMap":{"0":{"name":"(anonymous_0)","decl":{"start":{"line":4,"column":1},"end":{"line":4,"column":2}},"loc":{"start":{"line":4,"column":21},"end":{"line":6,"column":2}},"line":4},"1":{"name":"(anonymous_1)","decl":{"start":{"line":8,"column":1},"end":{"line":8,"column":2}},"loc":{"start":{"line":8,"column":46},"end":{"line":10,"column":2}},"line":8},"2":{"name":"(anonymous_2)","decl":{"start":{"line":9,"column":9},"end":{"line":9,"column":10}},"loc":{"start":{"line":9,"column":20},"end":{"line":9,"column":92}},"line":9},"3":{"name":"(anonymous_3)","decl":{"start":{"line":12,"column":1},"end":{"line":12,"column":2}},"loc":{"start":{"line":12,"column":45},"end":{"line":19,"column":2}},"line":12},"4":{"name":"(anonymous_4)","decl":{"start":{"line":13,"column":9},"end":{"line":13,"column":10}},"loc":{"start":{"line":13,"column":16},"end":{"line":18,"column":3}},"line":13},"5":{"name":"(anonymous_5)","decl":{"start":{"line":21,"column":1},"end":{"line":21,"column":2}},"loc":{"start":{"line":21,"column":24},"end":{"line":24,"column":2}},"line":21},"6":{"name":"(anonymous_6)","decl":{"start":{"line":26,"column":1},"end":{"line":26,"column":2}},"loc":{"start":{"line":26,"column":35},"end":{"line":36,"column":2}},"line":26},"7":{"name":"(anonymous_7)","decl":{"start":{"line":28,"column":9},"end":{"line":28,"column":10}},"loc":{"start":{"line":28,"column":31},"end":{"line":35,"column":3}},"line":28},"8":{"name":"(anonymous_8)","decl":{"start":{"line":38,"column":1},"end":{"line":38,"column":2}},"loc":{"start":{"line":38,"column":28},"end":{"line":43,"column":2}},"line":38}},"branchMap":{"0":{"loc":{"start":{"line":9,"column":20},"end":{"line":9,"column":92}},"type":"cond-expr","locations":[{"start":{"line":9,"column":33},"end":{"line":9,"column":83}},{"start":{"line":9,"column":86},"end":{"line":9,"column":92}}],"line":9},"1":{"loc":{"start":{"line":14,"column":3},"end":{"line":14,"column":58}},"type":"if","locations":[{"start":{"line":14,"column":3},"end":{"line":14,"column":58}},{"start":{},"end":{}}],"line":14},"2":{"loc":{"start":{"line":14,"column":25},"end":{"line":14,"column":56}},"type":"binary-expr","locations":[{"start":{"line":14,"column":25},"end":{"line":14,"column":37}},{"start":{"line":14,"column":41},"end":{"line":14,"column":56}}],"line":14},"3":{"loc":{"start":{"line":22,"column":2},"end":{"line":22,"column":49}},"type":"if","locations":[{"start":{"line":22,"column":2},"end":{"line":22,"column":49}},{"start":{},"end":{}}],"line":22},"4":{"loc":{"start":{"line":23,"column":13},"end":{"line":23,"column":32}},"type":"binary-expr","locations":[{"start":{"line":23,"column":13},"end":{"line":23,"column":25}},{"start":{"line":23,"column":29},"end":{"line":23,"column":32}}],"line":23},"5":{"loc":{"start":{"line":23,"column":65},"end":{"line":23,"column":99}},"type":"binary-expr","locations":[{"start":{"line":23,"column":65},"end":{"line":23,"column":78}},{"start":{"line":23,"column":82},"end":{"line":23,"column":99}}],"line":23},"6":{"loc":{"start":{"line":29,"column":3},"end":{"line":31,"column":4}},"type":"if","locations":[{"start":{"line":29,"column":3},"end":{"line":31,"column":4}},{"start":{},"end":{}}],"line":29},"7":{"loc":{"start":{"line":33,"column":30},"end":{"line":33,"column":57}},"type":"binary-expr","locations":[{"start":{"line":33,"column":30},"end":{"line":33,"column":37}},{"start":{"line":33,"column":41},"end":{"line":33,"column":57}}],"line":33},"8":{"loc":{"start":{"line":40,"column":20},"end":{"line":40,"column":39}},"type":"binary-expr","locations":[{"start":{"line":40,"column":20},"end":{"line":40,"column":32}},{"start":{"line":40,"column":36},"end":{"line":40,"column":39}}],"line":40},"9":{"loc":{"start":{"line":41,"column":27},"end":{"line":41,"column":78}},"type":"binary-expr","locations":[{"start":{"line":41,"column":27},"end":{"line":41,"column":40}},{"start":{"line":41,"column":44},"end":{"line":41,"column":57}},{"start":{"line":41,"column":61},"end":{"line":41,"column":78}}],"line":41}},"s":{"0":2,"1":8,"2":0,"3":0,"4":3,"5":3,"6":3,"7":3,"8":3,"9":3,"10":0,"11":0,"12":0,"13":5,"14":5,"15":5,"16":5,"17":5,"18":3,"19":3,"20":2},"f":{"0":8,"1":0,"2":0,"3":3,"4":3,"5":0,"6":5,"7":5,"8":3},"b":{"0":[0,0],"1":[3,0],"2":[3,0],"3":[0,0],"4":[0,0],"5":[0,0],"6":[5,0],"7":[5,0],"8":[3,0],"9":[3,0,0]},"_coverageSchema":"1a1c01bbd47fc00a2c39e90264f33305004495a9","hash":"9b871479bef83ef74e66a5da09f643b5f4222f6e"}
,"/Volumes/Data/node_project/radgolf/app/helper/logger.js": {"path":"/Volumes/Data/node_project/radgolf/app/helper/logger.js","statementMap":{"0":{"start":{"line":2,"column":45},"end":{"line":2,"column":63}},"1":{"start":{"line":3,"column":11},"end":{"line":3,"column":24}},"2":{"start":{"line":4,"column":20},"end":{"line":4,"column":56}},"3":{"start":{"line":5,"column":15},"end":{"line":5,"column":41}},"4":{"start":{"line":7,"column":16},"end":{"line":7,"column":26}},"5":{"start":{"line":8,"column":15},"end":{"line":8,"column":20}},"6":{"start":{"line":17,"column":2},"end":{"line":19,"column":3}},"7":{"start":{"line":18,"column":3},"end":{"line":18,"column":24}},"8":{"start":{"line":21,"column":2},"end":{"line":50,"column":5}},"9":{"start":{"line":28,"column":26},"end":{"line":28,"column":76}},"10":{"start":{"line":39,"column":15},"end":{"line":39,"column":65}},"11":{"start":{"line":52,"column":2},"end":{"line":79,"column":5}},"12":{"start":{"line":58,"column":27},"end":{"line":58,"column":80}},"13":{"start":{"line":67,"column":16},"end":{"line":67,"column":69}},"14":{"start":{"line":81,"column":2},"end":{"line":108,"column":5}},"15":{"start":{"line":87,"column":26},"end":{"line":87,"column":76}},"16":{"start":{"line":96,"column":15},"end":{"line":96,"column":65}},"17":{"start":{"line":110,"column":2},"end":{"line":126,"column":5}},"18":{"start":{"line":116,"column":27},"end":{"line":116,"column":80}},"19":{"start":{"line":130,"column":2},"end":{"line":132,"column":3}},"20":{"start":{"line":131,"column":3},"end":{"line":131,"column":26}},"21":{"start":{"line":133,"column":2},"end":{"line":142,"column":3}},"22":{"start":{"line":134,"column":3},"end":{"line":134,"column":43}},"23":{"start":{"line":135,"column":3},"end":{"line":135,"column":42}},"24":{"start":{"line":136,"column":9},"end":{"line":142,"column":3}},"25":{"start":{"line":137,"column":3},"end":{"line":137,"column":38}},"26":{"start":{"line":138,"column":3},"end":{"line":138,"column":42}},"27":{"start":{"line":139,"column":9},"end":{"line":142,"column":3}},"28":{"start":{"line":140,"column":3},"end":{"line":140,"column":43}},"29":{"start":{"line":141,"column":3},"end":{"line":141,"column":42}},"30":{"start":{"line":146,"column":0},"end":{"line":146,"column":24}}},"fnMap":{"0":{"name":"(anonymous_0)","decl":{"start":{"line":16,"column":1},"end":{"line":16,"column":2}},"loc":{"start":{"line":16,"column":15},"end":{"line":127,"column":2}},"line":16},"1":{"name":"(anonymous_1)","decl":{"start":{"line":28,"column":18},"end":{"line":28,"column":19}},"loc":{"start":{"line":28,"column":26},"end":{"line":28,"column":76}},"line":28},"2":{"name":"(anonymous_2)","decl":{"start":{"line":39,"column":7},"end":{"line":39,"column":8}},"loc":{"start":{"line":39,"column":15},"end":{"line":39,"column":65}},"line":39},"3":{"name":"(anonymous_3)","decl":{"start":{"line":58,"column":18},"end":{"line":58,"column":19}},"loc":{"start":{"line":58,"column":27},"end":{"line":58,"column":80}},"line":58},"4":{"name":"(anonymous_4)","decl":{"start":{"line":67,"column":7},"end":{"line":67,"column":8}},"loc":{"start":{"line":67,"column":16},"end":{"line":67,"column":69}},"line":67},"5":{"name":"(anonymous_5)","decl":{"start":{"line":87,"column":18},"end":{"line":87,"column":19}},"loc":{"start":{"line":87,"column":26},"end":{"line":87,"column":76}},"line":87},"6":{"name":"(anonymous_6)","decl":{"start":{"line":96,"column":7},"end":{"line":96,"column":8}},"loc":{"start":{"line":96,"column":15},"end":{"line":96,"column":65}},"line":96},"7":{"name":"(anonymous_7)","decl":{"start":{"line":116,"column":18},"end":{"line":116,"column":19}},"loc":{"start":{"line":116,"column":27},"end":{"line":116,"column":80}},"line":116},"8":{"name":"(anonymous_8)","decl":{"start":{"line":129,"column":1},"end":{"line":129,"column":2}},"loc":{"start":{"line":129,"column":30},"end":{"line":143,"column":2}},"line":129}},"branchMap":{"0":{"loc":{"start":{"line":17,"column":2},"end":{"line":19,"column":3}},"type":"if","locations":[{"start":{"line":17,"column":2},"end":{"line":19,"column":3}},{"start":{},"end":{}}],"line":17},"1":{"loc":{"start":{"line":23,"column":10},"end":{"line":23,"column":50}},"type":"cond-expr","locations":[{"start":{"line":23,"column":34},"end":{"line":23,"column":40}},{"start":{"line":23,"column":43},"end":{"line":23,"column":50}}],"line":23},"2":{"loc":{"start":{"line":130,"column":2},"end":{"line":132,"column":3}},"type":"if","locations":[{"start":{"line":130,"column":2},"end":{"line":132,"column":3}},{"start":{},"end":{}}],"line":130},"3":{"loc":{"start":{"line":130,"column":6},"end":{"line":130,"column":61}},"type":"binary-expr","locations":[{"start":{"line":130,"column":6},"end":{"line":130,"column":22}},{"start":{"line":130,"column":26},"end":{"line":130,"column":61}}],"line":130},"4":{"loc":{"start":{"line":133,"column":2},"end":{"line":142,"column":3}},"type":"if","locations":[{"start":{"line":133,"column":2},"end":{"line":142,"column":3}},{"start":{"line":136,"column":9},"end":{"line":142,"column":3}}],"line":133},"5":{"loc":{"start":{"line":136,"column":9},"end":{"line":142,"column":3}},"type":"if","locations":[{"start":{"line":136,"column":9},"end":{"line":142,"column":3}},{"start":{"line":139,"column":9},"end":{"line":142,"column":3}}],"line":136},"6":{"loc":{"start":{"line":139,"column":9},"end":{"line":142,"column":3}},"type":"if","locations":[{"start":{"line":139,"column":9},"end":{"line":142,"column":3}},{"start":{},"end":{}}],"line":139}},"s":{"0":2,"1":2,"2":2,"3":2,"4":2,"5":2,"6":10,"7":0,"8":10,"9":5,"10":5,"11":10,"12":3,"13":3,"14":10,"15":0,"16":0,"17":10,"18":8,"19":8,"20":0,"21":8,"22":5,"23":5,"24":3,"25":3,"26":3,"27":0,"28":0,"29":0,"30":2},"f":{"0":10,"1":5,"2":5,"3":3,"4":3,"5":0,"6":0,"7":8,"8":8},"b":{"0":[0,10],"1":[0,10],"2":[0,8],"3":[8,8],"4":[5,3],"5":[3,0],"6":[0,0]},"_coverageSchema":"1a1c01bbd47fc00a2c39e90264f33305004495a9","hash":"4a614e9644f1831c4181bf8003ee41d77fb24645"}
,"/Volumes/Data/node_project/radgolf/app/helper/mailer.js": {"path":"/Volumes/Data/node_project/radgolf/app/helper/mailer.js","statementMap":{"0":{"start":{"line":1,"column":15},"end":{"line":1,"column":40}},"1":{"start":{"line":2,"column":15},"end":{"line":2,"column":41}},"2":{"start":{"line":3,"column":0},"end":{"line":3,"column":42}},"3":{"start":{"line":4,"column":14},"end":{"line":4,"column":40}},"4":{"start":{"line":5,"column":13},"end":{"line":5,"column":28}},"5":{"start":{"line":6,"column":15},"end":{"line":6,"column":34}},"6":{"start":{"line":7,"column":15},"end":{"line":7,"column":27}},"7":{"start":{"line":17,"column":8},"end":{"line":51,"column":9}},"8":{"start":{"line":19,"column":32},"end":{"line":19,"column":103}},"9":{"start":{"line":20,"column":26},"end":{"line":27,"column":14}},"10":{"start":{"line":29,"column":32},"end":{"line":29,"column":71}},"11":{"start":{"line":31,"column":12},"end":{"line":46,"column":13}},"12":{"start":{"line":32,"column":30},"end":{"line":37,"column":17}},"13":{"start":{"line":38,"column":35},"end":{"line":38,"column":61}},"14":{"start":{"line":39,"column":16},"end":{"line":45,"column":17}},"15":{"start":{"line":40,"column":20},"end":{"line":40,"column":46}},"16":{"start":{"line":41,"column":20},"end":{"line":41,"column":110}},"17":{"start":{"line":42,"column":20},"end":{"line":42,"column":32}},"18":{"start":{"line":44,"column":20},"end":{"line":44,"column":33}},"19":{"start":{"line":48,"column":12},"end":{"line":48,"column":47}},"20":{"start":{"line":49,"column":12},"end":{"line":49,"column":133}},"21":{"start":{"line":50,"column":12},"end":{"line":50,"column":25}},"22":{"start":{"line":54,"column":0},"end":{"line":54,"column":30}}},"fnMap":{"0":{"name":"(anonymous_0)","decl":{"start":{"line":10,"column":4},"end":{"line":10,"column":5}},"loc":{"start":{"line":10,"column":18},"end":{"line":11,"column":5}},"line":10},"1":{"name":"(anonymous_1)","decl":{"start":{"line":16,"column":4},"end":{"line":16,"column":5}},"loc":{"start":{"line":16,"column":55},"end":{"line":52,"column":5}},"line":16}},"branchMap":{"0":{"loc":{"start":{"line":31,"column":12},"end":{"line":46,"column":13}},"type":"if","locations":[{"start":{"line":31,"column":12},"end":{"line":46,"column":13}},{"start":{},"end":{}}],"line":31},"1":{"loc":{"start":{"line":39,"column":16},"end":{"line":45,"column":17}},"type":"if","locations":[{"start":{"line":39,"column":16},"end":{"line":45,"column":17}},{"start":{"line":43,"column":23},"end":{"line":45,"column":17}}],"line":39}},"s":{"0":2,"1":2,"2":2,"3":2,"4":2,"5":2,"6":2,"7":0,"8":0,"9":0,"10":0,"11":0,"12":0,"13":0,"14":0,"15":0,"16":0,"17":0,"18":0,"19":0,"20":0,"21":0,"22":2},"f":{"0":2,"1":0},"b":{"0":[0,0],"1":[0,0]},"_coverageSchema":"1a1c01bbd47fc00a2c39e90264f33305004495a9","hash":"7a0257d7ab164ac2ba63eab80bd3a914ff904f85"}
,"/Volumes/Data/node_project/radgolf/app/helper/utils.js": {"path":"/Volumes/Data/node_project/radgolf/app/helper/utils.js","statementMap":{"0":{"start":{"line":1,"column":11},"end":{"line":1,"column":56}},"1":{"start":{"line":2,"column":16},"end":{"line":2,"column":34}},"2":{"start":{"line":3,"column":18},"end":{"line":3,"column":39}},"3":{"start":{"line":4,"column":22},"end":{"line":4,"column":37}},"4":{"start":{"line":5,"column":26},"end":{"line":5,"column":39}},"5":{"start":{"line":6,"column":26},"end":{"line":6,"column":41}},"6":{"start":{"line":7,"column":10},"end":{"line":7,"column":31}},"7":{"start":{"line":9,"column":12},"end":{"line":176,"column":1}},"8":{"start":{"line":12,"column":2},"end":{"line":12,"column":50}},"9":{"start":{"line":15,"column":16},"end":{"line":18,"column":5}},"10":{"start":{"line":16,"column":20},"end":{"line":16,"column":37}},"11":{"start":{"line":17,"column":3},"end":{"line":17,"column":84}},"12":{"start":{"line":20,"column":2},"end":{"line":20,"column":26}},"13":{"start":{"line":25,"column":2},"end":{"line":27,"column":5}},"14":{"start":{"line":30,"column":2},"end":{"line":32,"column":3}},"15":{"start":{"line":30,"column":19},"end":{"line":30,"column":20}},"16":{"start":{"line":31,"column":3},"end":{"line":31,"column":46}},"17":{"start":{"line":35,"column":2},"end":{"line":35,"column":54}},"18":{"start":{"line":35,"column":32},"end":{"line":35,"column":52}},"19":{"start":{"line":36,"column":2},"end":{"line":40,"column":3}},"20":{"start":{"line":37,"column":3},"end":{"line":37,"column":15}},"21":{"start":{"line":39,"column":3},"end":{"line":39,"column":16}},"22":{"start":{"line":43,"column":17},"end":{"line":43,"column":43}},"23":{"start":{"line":44,"column":2},"end":{"line":48,"column":3}},"24":{"start":{"line":45,"column":3},"end":{"line":45,"column":16}},"25":{"start":{"line":47,"column":3},"end":{"line":47,"column":15}},"26":{"start":{"line":51,"column":2},"end":{"line":51,"column":53}},"27":{"start":{"line":51,"column":39},"end":{"line":51,"column":51}},"28":{"start":{"line":54,"column":16},"end":{"line":54,"column":30}},"29":{"start":{"line":55,"column":2},"end":{"line":57,"column":3}},"30":{"start":{"line":56,"column":3},"end":{"line":56,"column":67}},"31":{"start":{"line":58,"column":2},"end":{"line":58,"column":25}},"32":{"start":{"line":61,"column":19},"end":{"line":61,"column":46}},"33":{"start":{"line":62,"column":2},"end":{"line":66,"column":3}},"34":{"start":{"line":63,"column":3},"end":{"line":63,"column":25}},"35":{"start":{"line":65,"column":3},"end":{"line":65,"column":42}},"36":{"start":{"line":65,"column":29},"end":{"line":65,"column":42}},"37":{"start":{"line":67,"column":2},"end":{"line":67,"column":14}},"38":{"start":{"line":70,"column":2},"end":{"line":70,"column":78}},"39":{"start":{"line":73,"column":2},"end":{"line":73,"column":20}},"40":{"start":{"line":74,"column":12},"end":{"line":74,"column":37}},"41":{"start":{"line":75,"column":2},"end":{"line":77,"column":22}},"42":{"start":{"line":76,"column":3},"end":{"line":76,"column":68}},"43":{"start":{"line":80,"column":2},"end":{"line":85,"column":3}},"44":{"start":{"line":81,"column":16},"end":{"line":81,"column":39}},"45":{"start":{"line":82,"column":3},"end":{"line":82,"column":29}},"46":{"start":{"line":84,"column":3},"end":{"line":84,"column":13}},"47":{"start":{"line":88,"column":11},"end":{"line":88,"column":166}},"48":{"start":{"line":89,"column":2},"end":{"line":89,"column":24}},"49":{"start":{"line":92,"column":2},"end":{"line":92,"column":46}},"50":{"start":{"line":95,"column":2},"end":{"line":102,"column":3}},"51":{"start":{"line":96,"column":11},"end":{"line":96,"column":33}},"52":{"start":{"line":97,"column":3},"end":{"line":99,"column":4}},"53":{"start":{"line":98,"column":4},"end":{"line":98,"column":13}},"54":{"start":{"line":103,"column":2},"end":{"line":103,"column":13}},"55":{"start":{"line":106,"column":2},"end":{"line":112,"column":17}},"56":{"start":{"line":108,"column":11},"end":{"line":108,"column":49}},"57":{"start":{"line":109,"column":3},"end":{"line":111,"column":4}},"58":{"start":{"line":110,"column":4},"end":{"line":110,"column":13}},"59":{"start":{"line":113,"column":2},"end":{"line":113,"column":15}},"60":{"start":{"line":116,"column":2},"end":{"line":120,"column":3}},"61":{"start":{"line":117,"column":3},"end":{"line":117,"column":37}},"62":{"start":{"line":118,"column":9},"end":{"line":120,"column":3}},"63":{"start":{"line":119,"column":3},"end":{"line":119,"column":61}},"64":{"start":{"line":119,"column":30},"end":{"line":119,"column":59}},"65":{"start":{"line":121,"column":2},"end":{"line":121,"column":15}},"66":{"start":{"line":124,"column":12},"end":{"line":124,"column":33}},"67":{"start":{"line":126,"column":2},"end":{"line":126,"column":45}},"68":{"start":{"line":128,"column":2},"end":{"line":128,"column":44}},"69":{"start":{"line":131,"column":2},"end":{"line":133,"column":3}},"70":{"start":{"line":136,"column":2},"end":{"line":136,"column":89}},"71":{"start":{"line":136,"column":35},"end":{"line":136,"column":86}},"72":{"start":{"line":137,"column":2},"end":{"line":137,"column":13}},"73":{"start":{"line":140,"column":19},"end":{"line":140,"column":42}},"74":{"start":{"line":141,"column":25},"end":{"line":141,"column":54}},"75":{"start":{"line":142,"column":21},"end":{"line":142,"column":38}},"76":{"start":{"line":143,"column":20},"end":{"line":143,"column":43}},"77":{"start":{"line":144,"column":2},"end":{"line":166,"column":6}},"78":{"start":{"line":147,"column":19},"end":{"line":147,"column":21}},"79":{"start":{"line":148,"column":4},"end":{"line":150,"column":7}},"80":{"start":{"line":149,"column":5},"end":{"line":149,"column":24}},"81":{"start":{"line":151,"column":4},"end":{"line":164,"column":7}},"82":{"start":{"line":152,"column":19},"end":{"line":152,"column":40}},"83":{"start":{"line":153,"column":24},"end":{"line":160,"column":6}},"84":{"start":{"line":161,"column":5},"end":{"line":163,"column":7}},"85":{"start":{"line":162,"column":6},"end":{"line":162,"column":18}},"86":{"start":{"line":167,"column":2},"end":{"line":167,"column":14}},"87":{"start":{"line":170,"column":2},"end":{"line":170,"column":66}},"88":{"start":{"line":170,"column":42},"end":{"line":170,"column":63}},"89":{"start":{"line":173,"column":2},"end":{"line":173,"column":61}},"90":{"start":{"line":178,"column":0},"end":{"line":178,"column":23}}},"fnMap":{"0":{"name":"(anonymous_0)","decl":{"start":{"line":11,"column":14},"end":{"line":11,"column":15}},"loc":{"start":{"line":11,"column":27},"end":{"line":13,"column":2}},"line":11},"1":{"name":"(anonymous_1)","decl":{"start":{"line":14,"column":11},"end":{"line":14,"column":12}},"loc":{"start":{"line":14,"column":30},"end":{"line":21,"column":2}},"line":14},"2":{"name":"(anonymous_2)","decl":{"start":{"line":15,"column":75},"end":{"line":15,"column":76}},"loc":{"start":{"line":15,"column":86},"end":{"line":18,"column":3}},"line":15},"3":{"name":"(anonymous_3)","decl":{"start":{"line":23,"column":17},"end":{"line":23,"column":18}},"loc":{"start":{"line":23,"column":33},"end":{"line":28,"column":2}},"line":23},"4":{"name":"(anonymous_4)","decl":{"start":{"line":25,"column":16},"end":{"line":25,"column":17}},"loc":{"start":{"line":25,"column":38},"end":{"line":27,"column":3}},"line":25},"5":{"name":"(anonymous_5)","decl":{"start":{"line":29,"column":15},"end":{"line":29,"column":16}},"loc":{"start":{"line":29,"column":42},"end":{"line":33,"column":2}},"line":29},"6":{"name":"(anonymous_6)","decl":{"start":{"line":34,"column":10},"end":{"line":34,"column":11}},"loc":{"start":{"line":34,"column":25},"end":{"line":41,"column":2}},"line":34},"7":{"name":"(anonymous_7)","decl":{"start":{"line":35,"column":22},"end":{"line":35,"column":23}},"loc":{"start":{"line":35,"column":32},"end":{"line":35,"column":52}},"line":35},"8":{"name":"(anonymous_8)","decl":{"start":{"line":42,"column":16},"end":{"line":42,"column":17}},"loc":{"start":{"line":42,"column":35},"end":{"line":49,"column":2}},"line":42},"9":{"name":"(anonymous_9)","decl":{"start":{"line":50,"column":19},"end":{"line":50,"column":20}},"loc":{"start":{"line":50,"column":33},"end":{"line":52,"column":2}},"line":50},"10":{"name":"(anonymous_10)","decl":{"start":{"line":51,"column":34},"end":{"line":51,"column":35}},"loc":{"start":{"line":51,"column":39},"end":{"line":51,"column":51}},"line":51},"11":{"name":"(anonymous_11)","decl":{"start":{"line":53,"column":11},"end":{"line":53,"column":12}},"loc":{"start":{"line":53,"column":20},"end":{"line":59,"column":2}},"line":53},"12":{"name":"(anonymous_12)","decl":{"start":{"line":60,"column":13},"end":{"line":60,"column":14}},"loc":{"start":{"line":60,"column":27},"end":{"line":68,"column":2}},"line":60},"13":{"name":"(anonymous_13)","decl":{"start":{"line":69,"column":14},"end":{"line":69,"column":15}},"loc":{"start":{"line":69,"column":19},"end":{"line":71,"column":2}},"line":69},"14":{"name":"(anonymous_14)","decl":{"start":{"line":72,"column":15},"end":{"line":72,"column":16}},"loc":{"start":{"line":72,"column":22},"end":{"line":78,"column":2}},"line":72},"15":{"name":"(anonymous_15)","decl":{"start":{"line":75,"column":47},"end":{"line":75,"column":48}},"loc":{"start":{"line":75,"column":64},"end":{"line":77,"column":3}},"line":75},"16":{"name":"(anonymous_16)","decl":{"start":{"line":79,"column":8},"end":{"line":79,"column":9}},"loc":{"start":{"line":79,"column":19},"end":{"line":86,"column":2}},"line":79},"17":{"name":"(anonymous_17)","decl":{"start":{"line":87,"column":11},"end":{"line":87,"column":12}},"loc":{"start":{"line":87,"column":20},"end":{"line":90,"column":2}},"line":87},"18":{"name":"(anonymous_18)","decl":{"start":{"line":91,"column":12},"end":{"line":91,"column":13}},"loc":{"start":{"line":91,"column":33},"end":{"line":93,"column":2}},"line":91},"19":{"name":"(anonymous_19)","decl":{"start":{"line":94,"column":16},"end":{"line":94,"column":17}},"loc":{"start":{"line":94,"column":37},"end":{"line":104,"column":2}},"line":94},"20":{"name":"(anonymous_20)","decl":{"start":{"line":105,"column":11},"end":{"line":105,"column":12}},"loc":{"start":{"line":105,"column":25},"end":{"line":114,"column":2}},"line":105},"21":{"name":"(anonymous_21)","decl":{"start":{"line":115,"column":13},"end":{"line":115,"column":14}},"loc":{"start":{"line":115,"column":20},"end":{"line":122,"column":2}},"line":115},"22":{"name":"(anonymous_22)","decl":{"start":{"line":119,"column":20},"end":{"line":119,"column":21}},"loc":{"start":{"line":119,"column":30},"end":{"line":119,"column":59}},"line":119},"23":{"name":"(anonymous_23)","decl":{"start":{"line":123,"column":14},"end":{"line":123,"column":15}},"loc":{"start":{"line":123,"column":20},"end":{"line":129,"column":2}},"line":123},"24":{"name":"(anonymous_24)","decl":{"start":{"line":130,"column":21},"end":{"line":130,"column":22}},"loc":{"start":{"line":130,"column":34},"end":{"line":134,"column":2}},"line":130},"25":{"name":"(anonymous_25)","decl":{"start":{"line":135,"column":21},"end":{"line":135,"column":22}},"loc":{"start":{"line":135,"column":36},"end":{"line":138,"column":2}},"line":135},"26":{"name":"(anonymous_26)","decl":{"start":{"line":136,"column":24},"end":{"line":136,"column":25}},"loc":{"start":{"line":136,"column":33},"end":{"line":136,"column":88}},"line":136},"27":{"name":"(anonymous_27)","decl":{"start":{"line":139,"column":19},"end":{"line":139,"column":20}},"loc":{"start":{"line":139,"column":51},"end":{"line":168,"column":2}},"line":139},"28":{"name":"(anonymous_28)","decl":{"start":{"line":146,"column":11},"end":{"line":146,"column":12}},"loc":{"start":{"line":146,"column":36},"end":{"line":166,"column":4}},"line":146},"29":{"name":"(anonymous_29)","decl":{"start":{"line":148,"column":22},"end":{"line":148,"column":23}},"loc":{"start":{"line":148,"column":31},"end":{"line":150,"column":5}},"line":148},"30":{"name":"(anonymous_30)","decl":{"start":{"line":151,"column":21},"end":{"line":151,"column":22}},"loc":{"start":{"line":151,"column":27},"end":{"line":164,"column":5}},"line":151},"31":{"name":"(anonymous_31)","decl":{"start":{"line":161,"column":27},"end":{"line":161,"column":28}},"loc":{"start":{"line":161,"column":42},"end":{"line":163,"column":6}},"line":161},"32":{"name":"(anonymous_32)","decl":{"start":{"line":169,"column":14},"end":{"line":169,"column":15}},"loc":{"start":{"line":169,"column":21},"end":{"line":171,"column":2}},"line":169},"33":{"name":"(anonymous_33)","decl":{"start":{"line":170,"column":24},"end":{"line":170,"column":25}},"loc":{"start":{"line":170,"column":42},"end":{"line":170,"column":63}},"line":170},"34":{"name":"(anonymous_34)","decl":{"start":{"line":172,"column":1},"end":{"line":172,"column":2}},"loc":{"start":{"line":172,"column":22},"end":{"line":174,"column":2}},"line":172}},"branchMap":{"0":{"loc":{"start":{"line":17,"column":10},"end":{"line":17,"column":83}},"type":"cond-expr","locations":[{"start":{"line":17,"column":48},"end":{"line":17,"column":72}},{"start":{"line":17,"column":75},"end":{"line":17,"column":83}}],"line":17},"1":{"loc":{"start":{"line":36,"column":2},"end":{"line":40,"column":3}},"type":"if","locations":[{"start":{"line":36,"column":2},"end":{"line":40,"column":3}},{"start":{"line":38,"column":9},"end":{"line":40,"column":3}}],"line":36},"2":{"loc":{"start":{"line":44,"column":2},"end":{"line":48,"column":3}},"type":"if","locations":[{"start":{"line":44,"column":2},"end":{"line":48,"column":3}},{"start":{"line":46,"column":9},"end":{"line":48,"column":3}}],"line":44},"3":{"loc":{"start":{"line":65,"column":3},"end":{"line":65,"column":42}},"type":"if","locations":[{"start":{"line":65,"column":3},"end":{"line":65,"column":42}},{"start":{},"end":{}}],"line":65},"4":{"loc":{"start":{"line":76,"column":10},"end":{"line":76,"column":67}},"type":"cond-expr","locations":[{"start":{"line":76,"column":23},"end":{"line":76,"column":26}},{"start":{"line":76,"column":29},"end":{"line":76,"column":67}}],"line":76},"5":{"loc":{"start":{"line":76,"column":36},"end":{"line":76,"column":60}},"type":"cond-expr","locations":[{"start":{"line":76,"column":52},"end":{"line":76,"column":55}},{"start":{"line":76,"column":58},"end":{"line":76,"column":60}}],"line":76},"6":{"loc":{"start":{"line":76,"column":36},"end":{"line":76,"column":49}},"type":"binary-expr","locations":[{"start":{"line":76,"column":36},"end":{"line":76,"column":37}},{"start":{"line":76,"column":41},"end":{"line":76,"column":49}}],"line":76},"7":{"loc":{"start":{"line":97,"column":3},"end":{"line":99,"column":4}},"type":"if","locations":[{"start":{"line":97,"column":3},"end":{"line":99,"column":4}},{"start":{},"end":{}}],"line":97},"8":{"loc":{"start":{"line":109,"column":3},"end":{"line":111,"column":4}},"type":"if","locations":[{"start":{"line":109,"column":3},"end":{"line":111,"column":4}},{"start":{},"end":{}}],"line":109},"9":{"loc":{"start":{"line":109,"column":7},"end":{"line":109,"column":33}},"type":"binary-expr","locations":[{"start":{"line":109,"column":7},"end":{"line":109,"column":8}},{"start":{"line":109,"column":12},"end":{"line":109,"column":33}}],"line":109},"10":{"loc":{"start":{"line":116,"column":2},"end":{"line":120,"column":3}},"type":"if","locations":[{"start":{"line":116,"column":2},"end":{"line":120,"column":3}},{"start":{"line":118,"column":9},"end":{"line":120,"column":3}}],"line":116},"11":{"loc":{"start":{"line":118,"column":9},"end":{"line":120,"column":3}},"type":"if","locations":[{"start":{"line":118,"column":9},"end":{"line":120,"column":3}},{"start":{},"end":{}}],"line":118},"12":{"loc":{"start":{"line":170,"column":42},"end":{"line":170,"column":63}},"type":"cond-expr","locations":[{"start":{"line":170,"column":51},"end":{"line":170,"column":55}},{"start":{"line":170,"column":58},"end":{"line":170,"column":63}}],"line":170},"13":{"loc":{"start":{"line":173,"column":9},"end":{"line":173,"column":60}},"type":"cond-expr","locations":[{"start":{"line":173,"column":48},"end":{"line":173,"column":53}},{"start":{"line":173,"column":56},"end":{"line":173,"column":60}}],"line":173},"14":{"loc":{"start":{"line":173,"column":10},"end":{"line":173,"column":44}},"type":"binary-expr","locations":[{"start":{"line":173,"column":10},"end":{"line":173,"column":35}},{"start":{"line":173,"column":39},"end":{"line":173,"column":44}}],"line":173}},"s":{"0":2,"1":2,"2":2,"3":2,"4":2,"5":2,"6":2,"7":2,"8":0,"9":0,"10":0,"11":0,"12":0,"13":0,"14":0,"15":0,"16":0,"17":0,"18":0,"19":0,"20":0,"21":0,"22":0,"23":0,"24":0,"25":0,"26":0,"27":0,"28":0,"29":0,"30":0,"31":0,"32":0,"33":0,"34":0,"35":0,"36":0,"37":0,"38":0,"39":0,"40":0,"41":0,"42":0,"43":0,"44":0,"45":0,"46":0,"47":0,"48":0,"49":0,"50":0,"51":0,"52":0,"53":0,"54":0,"55":0,"56":0,"57":0,"58":0,"59":0,"60":0,"61":0,"62":0,"63":0,"64":0,"65":0,"66":0,"67":0,"68":0,"69":0,"70":0,"71":0,"72":0,"73":0,"74":0,"75":0,"76":0,"77":0,"78":0,"79":0,"80":0,"81":0,"82":0,"83":0,"84":0,"85":0,"86":0,"87":0,"88":0,"89":0,"90":2},"f":{"0":0,"1":0,"2":0,"3":0,"4":0,"5":0,"6":0,"7":0,"8":0,"9":0,"10":0,"11":0,"12":0,"13":0,"14":0,"15":0,"16":0,"17":0,"18":0,"19":0,"20":0,"21":0,"22":0,"23":0,"24":0,"25":0,"26":0,"27":0,"28":0,"29":0,"30":0,"31":0,"32":0,"33":0,"34":0},"b":{"0":[0,0],"1":[0,0],"2":[0,0],"3":[0,0],"4":[0,0],"5":[0,0],"6":[0,0],"7":[0,0],"8":[0,0],"9":[0,0],"10":[0,0],"11":[0,0],"12":[0,0],"13":[0,0],"14":[0,0]},"_coverageSchema":"1a1c01bbd47fc00a2c39e90264f33305004495a9","hash":"b60e166adf50448d0eac4aaee4587b8edc0187a0"}
,"/Volumes/Data/node_project/radgolf/app/middlewares/auth.js": {"path":"/Volumes/Data/node_project/radgolf/app/middlewares/auth.js","statementMap":{"0":{"start":{"line":1,"column":17},"end":{"line":1,"column":36}},"1":{"start":{"line":2,"column":20},"end":{"line":2,"column":43}},"2":{"start":{"line":3,"column":14},"end":{"line":3,"column":47}},"3":{"start":{"line":4,"column":15},"end":{"line":4,"column":41}},"4":{"start":{"line":5,"column":19},"end":{"line":5,"column":41}},"5":{"start":{"line":6,"column":17},"end":{"line":6,"column":37}},"6":{"start":{"line":7,"column":15},"end":{"line":10,"column":1}},"7":{"start":{"line":13,"column":23},"end":{"line":13,"column":58}},"8":{"start":{"line":14,"column":15},"end":{"line":14,"column":42}},"9":{"start":{"line":15,"column":15},"end":{"line":15,"column":27}},"10":{"start":{"line":16,"column":23},"end":{"line":16,"column":49}},"11":{"start":{"line":18,"column":0},"end":{"line":64,"column":2}},"12":{"start":{"line":20,"column":21},"end":{"line":35,"column":6}},"13":{"start":{"line":21,"column":7},"end":{"line":34,"column":11}},"14":{"start":{"line":25,"column":12},"end":{"line":27,"column":13}},"15":{"start":{"line":26,"column":16},"end":{"line":26,"column":40}},"16":{"start":{"line":28,"column":12},"end":{"line":33,"column":13}},"17":{"start":{"line":30,"column":16},"end":{"line":30,"column":33}},"18":{"start":{"line":32,"column":16},"end":{"line":32,"column":34}},"19":{"start":{"line":36,"column":4},"end":{"line":36,"column":27}},"20":{"start":{"line":37,"column":4},"end":{"line":63,"column":6}},"21":{"start":{"line":39,"column":12},"end":{"line":39,"column":41}},"22":{"start":{"line":44,"column":13},"end":{"line":61,"column":32}},"23":{"start":{"line":45,"column":17},"end":{"line":53,"column":18}},"24":{"start":{"line":46,"column":20},"end":{"line":46,"column":159}},"25":{"start":{"line":54,"column":17},"end":{"line":57,"column":17}},"26":{"start":{"line":55,"column":20},"end":{"line":55,"column":138}},"27":{"start":{"line":58,"column":16},"end":{"line":58,"column":32}},"28":{"start":{"line":59,"column":16},"end":{"line":59,"column":30}}},"fnMap":{"0":{"name":"(anonymous_0)","decl":{"start":{"line":18,"column":17},"end":{"line":18,"column":18}},"loc":{"start":{"line":18,"column":23},"end":{"line":64,"column":1}},"line":18},"1":{"name":"(anonymous_1)","decl":{"start":{"line":20,"column":42},"end":{"line":20,"column":43}},"loc":{"start":{"line":20,"column":61},"end":{"line":35,"column":5}},"line":20},"2":{"name":"(anonymous_2)","decl":{"start":{"line":24,"column":16},"end":{"line":24,"column":17}},"loc":{"start":{"line":24,"column":31},"end":{"line":34,"column":9}},"line":24},"3":{"name":"(anonymous_3)","decl":{"start":{"line":38,"column":20},"end":{"line":38,"column":21}},"loc":{"start":{"line":38,"column":26},"end":{"line":40,"column":9}},"line":38},"4":{"name":"(anonymous_4)","decl":{"start":{"line":42,"column":26},"end":{"line":42,"column":27}},"loc":{"start":{"line":42,"column":46},"end":{"line":62,"column":10}},"line":42},"5":{"name":"(anonymous_5)","decl":{"start":{"line":44,"column":66},"end":{"line":44,"column":67}},"loc":{"start":{"line":44,"column":81},"end":{"line":61,"column":14}},"line":44}},"branchMap":{"0":{"loc":{"start":{"line":25,"column":12},"end":{"line":27,"column":13}},"type":"if","locations":[{"start":{"line":25,"column":12},"end":{"line":27,"column":13}},{"start":{},"end":{}}],"line":25},"1":{"loc":{"start":{"line":28,"column":12},"end":{"line":33,"column":13}},"type":"if","locations":[{"start":{"line":28,"column":12},"end":{"line":33,"column":13}},{"start":{"line":31,"column":19},"end":{"line":33,"column":13}}],"line":28},"2":{"loc":{"start":{"line":45,"column":17},"end":{"line":53,"column":18}},"type":"if","locations":[{"start":{"line":45,"column":17},"end":{"line":53,"column":18}},{"start":{},"end":{}}],"line":45},"3":{"loc":{"start":{"line":54,"column":17},"end":{"line":57,"column":17}},"type":"if","locations":[{"start":{"line":54,"column":17},"end":{"line":57,"column":17}},{"start":{},"end":{}}],"line":54}},"s":{"0":2,"1":2,"2":2,"3":2,"4":2,"5":2,"6":2,"7":2,"8":2,"9":2,"10":2,"11":2,"12":2,"13":4,"14":4,"15":0,"16":4,"17":4,"18":0,"19":2,"20":2,"21":0,"22":4,"23":4,"24":0,"25":4,"26":0,"27":4,"28":4},"f":{"0":2,"1":4,"2":4,"3":0,"4":4,"5":4},"b":{"0":[0,4],"1":[4,0],"2":[0,4],"3":[0,4]},"_coverageSchema":"1a1c01bbd47fc00a2c39e90264f33305004495a9","hash":"38afaa6fb2978a0029b58746c91ccf673ac7f8e1"}
,"/Volumes/Data/node_project/radgolf/app/modules/customer/repositories/customer.repository.js": {"path":"/Volumes/Data/node_project/radgolf/app/modules/customer/repositories/customer.repository.js","statementMap":{"0":{"start":{"line":1,"column":17},"end":{"line":1,"column":50}},"1":{"start":{"line":2,"column":10},"end":{"line":2,"column":31}},"2":{"start":{"line":6,"column":8},"end":{"line":6,"column":24}},"3":{"start":{"line":10,"column":8},"end":{"line":58,"column":9}},"4":{"start":{"line":12,"column":29},"end":{"line":12,"column":31}},"5":{"start":{"line":13,"column":30},"end":{"line":13,"column":85}},"6":{"start":{"line":14,"column":32},"end":{"line":14,"column":57}},"7":{"start":{"line":15,"column":12},"end":{"line":29,"column":13}},"8":{"start":{"line":16,"column":16},"end":{"line":28,"column":17}},"9":{"start":{"line":17,"column":42},"end":{"line":17,"column":65}},"10":{"start":{"line":18,"column":20},"end":{"line":27,"column":23}},"11":{"start":{"line":31,"column":12},"end":{"line":31,"column":45}},"12":{"start":{"line":33,"column":34},"end":{"line":46,"column":14}},"13":{"start":{"line":47,"column":28},"end":{"line":50,"column":13}},"14":{"start":{"line":51,"column":27},"end":{"line":51,"column":83}},"15":{"start":{"line":52,"column":12},"end":{"line":54,"column":13}},"16":{"start":{"line":53,"column":16},"end":{"line":53,"column":28}},"17":{"start":{"line":55,"column":12},"end":{"line":55,"column":26}},"18":{"start":{"line":57,"column":12},"end":{"line":57,"column":25}},"19":{"start":{"line":62,"column":8},"end":{"line":71,"column":9}},"20":{"start":{"line":63,"column":25},"end":{"line":63,"column":59}},"21":{"start":{"line":64,"column":12},"end":{"line":66,"column":13}},"22":{"start":{"line":65,"column":16},"end":{"line":65,"column":28}},"23":{"start":{"line":67,"column":12},"end":{"line":67,"column":26}},"24":{"start":{"line":70,"column":12},"end":{"line":70,"column":21}},"25":{"start":{"line":76,"column":21},"end":{"line":76,"column":55}},"26":{"start":{"line":77,"column":8},"end":{"line":85,"column":9}},"27":{"start":{"line":78,"column":12},"end":{"line":80,"column":13}},"28":{"start":{"line":79,"column":16},"end":{"line":79,"column":28}},"29":{"start":{"line":81,"column":12},"end":{"line":81,"column":26}},"30":{"start":{"line":84,"column":12},"end":{"line":84,"column":21}},"31":{"start":{"line":89,"column":21},"end":{"line":89,"column":58}},"32":{"start":{"line":90,"column":8},"end":{"line":98,"column":9}},"33":{"start":{"line":91,"column":12},"end":{"line":93,"column":13}},"34":{"start":{"line":92,"column":16},"end":{"line":92,"column":28}},"35":{"start":{"line":94,"column":12},"end":{"line":94,"column":26}},"36":{"start":{"line":97,"column":12},"end":{"line":97,"column":21}},"37":{"start":{"line":102,"column":8},"end":{"line":170,"column":9}},"38":{"start":{"line":103,"column":29},"end":{"line":103,"column":31}},"39":{"start":{"line":104,"column":30},"end":{"line":104,"column":32}},"40":{"start":{"line":106,"column":12},"end":{"line":109,"column":15}},"41":{"start":{"line":110,"column":12},"end":{"line":110,"column":37}},"42":{"start":{"line":112,"column":12},"end":{"line":112,"column":45}},"43":{"start":{"line":113,"column":32},"end":{"line":166,"column":21}},"44":{"start":{"line":167,"column":12},"end":{"line":167,"column":79}},"45":{"start":{"line":169,"column":12},"end":{"line":169,"column":22}},"46":{"start":{"line":175,"column":8},"end":{"line":184,"column":9}},"47":{"start":{"line":176,"column":23},"end":{"line":176,"column":77}},"48":{"start":{"line":177,"column":12},"end":{"line":179,"column":13}},"49":{"start":{"line":178,"column":16},"end":{"line":178,"column":28}},"50":{"start":{"line":180,"column":12},"end":{"line":180,"column":24}},"51":{"start":{"line":183,"column":12},"end":{"line":183,"column":21}},"52":{"start":{"line":188,"column":21},"end":{"line":188,"column":55}},"53":{"start":{"line":189,"column":8},"end":{"line":197,"column":9}},"54":{"start":{"line":190,"column":12},"end":{"line":192,"column":13}},"55":{"start":{"line":191,"column":16},"end":{"line":191,"column":28}},"56":{"start":{"line":193,"column":12},"end":{"line":193,"column":26}},"57":{"start":{"line":196,"column":12},"end":{"line":196,"column":21}},"58":{"start":{"line":201,"column":8},"end":{"line":209,"column":9}},"59":{"start":{"line":202,"column":25},"end":{"line":202,"column":62}},"60":{"start":{"line":203,"column":12},"end":{"line":205,"column":13}},"61":{"start":{"line":204,"column":16},"end":{"line":204,"column":28}},"62":{"start":{"line":206,"column":12},"end":{"line":206,"column":26}},"63":{"start":{"line":208,"column":12},"end":{"line":208,"column":21}},"64":{"start":{"line":213,"column":8},"end":{"line":221,"column":9}},"65":{"start":{"line":214,"column":25},"end":{"line":214,"column":103}},"66":{"start":{"line":215,"column":12},"end":{"line":217,"column":13}},"67":{"start":{"line":216,"column":16},"end":{"line":216,"column":28}},"68":{"start":{"line":218,"column":12},"end":{"line":218,"column":26}},"69":{"start":{"line":220,"column":12},"end":{"line":220,"column":21}},"70":{"start":{"line":225,"column":8},"end":{"line":236,"column":9}},"71":{"start":{"line":226,"column":25},"end":{"line":229,"column":14}},"72":{"start":{"line":230,"column":12},"end":{"line":232,"column":13}},"73":{"start":{"line":231,"column":16},"end":{"line":231,"column":28}},"74":{"start":{"line":233,"column":12},"end":{"line":233,"column":26}},"75":{"start":{"line":235,"column":12},"end":{"line":235,"column":21}},"76":{"start":{"line":240,"column":8},"end":{"line":248,"column":9}},"77":{"start":{"line":241,"column":25},"end":{"line":241,"column":52}},"78":{"start":{"line":242,"column":12},"end":{"line":244,"column":13}},"79":{"start":{"line":243,"column":16},"end":{"line":243,"column":28}},"80":{"start":{"line":245,"column":12},"end":{"line":245,"column":26}},"81":{"start":{"line":247,"column":12},"end":{"line":247,"column":21}},"82":{"start":{"line":252,"column":8},"end":{"line":263,"column":9}},"83":{"start":{"line":253,"column":25},"end":{"line":253,"column":52}},"84":{"start":{"line":254,"column":12},"end":{"line":260,"column":13}},"85":{"start":{"line":255,"column":35},"end":{"line":255,"column":76}},"86":{"start":{"line":256,"column":16},"end":{"line":258,"column":17}},"87":{"start":{"line":257,"column":20},"end":{"line":257,"column":32}},"88":{"start":{"line":259,"column":16},"end":{"line":259,"column":36}},"89":{"start":{"line":262,"column":12},"end":{"line":262,"column":20}},"90":{"start":{"line":267,"column":0},"end":{"line":267,"column":40}}},"fnMap":{"0":{"name":"(anonymous_0)","decl":{"start":{"line":5,"column":4},"end":{"line":5,"column":5}},"loc":{"start":{"line":5,"column":18},"end":{"line":7,"column":5}},"line":5},"1":{"name":"(anonymous_1)","decl":{"start":{"line":9,"column":4},"end":{"line":9,"column":5}},"loc":{"start":{"line":9,"column":22},"end":{"line":59,"column":5}},"line":9},"2":{"name":"(anonymous_2)","decl":{"start":{"line":61,"column":4},"end":{"line":61,"column":5}},"loc":{"start":{"line":61,"column":21},"end":{"line":72,"column":5}},"line":61},"3":{"name":"(anonymous_3)","decl":{"start":{"line":75,"column":4},"end":{"line":75,"column":5}},"loc":{"start":{"line":75,"column":21},"end":{"line":86,"column":5}},"line":75},"4":{"name":"(anonymous_4)","decl":{"start":{"line":88,"column":4},"end":{"line":88,"column":5}},"loc":{"start":{"line":88,"column":28},"end":{"line":99,"column":5}},"line":88},"5":{"name":"(anonymous_5)","decl":{"start":{"line":101,"column":4},"end":{"line":101,"column":5}},"loc":{"start":{"line":101,"column":36},"end":{"line":171,"column":5}},"line":101},"6":{"name":"(anonymous_6)","decl":{"start":{"line":173,"column":4},"end":{"line":173,"column":5}},"loc":{"start":{"line":173,"column":36},"end":{"line":185,"column":5}},"line":173},"7":{"name":"(anonymous_7)","decl":{"start":{"line":187,"column":4},"end":{"line":187,"column":5}},"loc":{"start":{"line":187,"column":31},"end":{"line":198,"column":5}},"line":187},"8":{"name":"(anonymous_8)","decl":{"start":{"line":200,"column":4},"end":{"line":200,"column":5}},"loc":{"start":{"line":200,"column":34},"end":{"line":210,"column":5}},"line":200},"9":{"name":"(anonymous_9)","decl":{"start":{"line":212,"column":4},"end":{"line":212,"column":5}},"loc":{"start":{"line":212,"column":30},"end":{"line":222,"column":5}},"line":212},"10":{"name":"(anonymous_10)","decl":{"start":{"line":224,"column":4},"end":{"line":224,"column":5}},"loc":{"start":{"line":224,"column":37},"end":{"line":237,"column":5}},"line":224},"11":{"name":"(anonymous_11)","decl":{"start":{"line":239,"column":4},"end":{"line":239,"column":5}},"loc":{"start":{"line":239,"column":21},"end":{"line":249,"column":5}},"line":239},"12":{"name":"(anonymous_12)","decl":{"start":{"line":251,"column":4},"end":{"line":251,"column":5}},"loc":{"start":{"line":251,"column":20},"end":{"line":264,"column":5}},"line":251}},"branchMap":{"0":{"loc":{"start":{"line":14,"column":32},"end":{"line":14,"column":57}},"type":"binary-expr","locations":[{"start":{"line":14,"column":32},"end":{"line":14,"column":52}},{"start":{"line":14,"column":56},"end":{"line":14,"column":57}}],"line":14},"1":{"loc":{"start":{"line":15,"column":12},"end":{"line":29,"column":13}},"type":"if","locations":[{"start":{"line":15,"column":12},"end":{"line":29,"column":13}},{"start":{},"end":{}}],"line":15},"2":{"loc":{"start":{"line":15,"column":16},"end":{"line":15,"column":66}},"type":"binary-expr","locations":[{"start":{"line":15,"column":16},"end":{"line":15,"column":36}},{"start":{"line":15,"column":40},"end":{"line":15,"column":66}}],"line":15},"3":{"loc":{"start":{"line":16,"column":16},"end":{"line":28,"column":17}},"type":"if","locations":[{"start":{"line":16,"column":16},"end":{"line":28,"column":17}},{"start":{},"end":{}}],"line":16},"4":{"loc":{"start":{"line":52,"column":12},"end":{"line":54,"column":13}},"type":"if","locations":[{"start":{"line":52,"column":12},"end":{"line":54,"column":13}},{"start":{},"end":{}}],"line":52},"5":{"loc":{"start":{"line":64,"column":12},"end":{"line":66,"column":13}},"type":"if","locations":[{"start":{"line":64,"column":12},"end":{"line":66,"column":13}},{"start":{},"end":{}}],"line":64},"6":{"loc":{"start":{"line":78,"column":12},"end":{"line":80,"column":13}},"type":"if","locations":[{"start":{"line":78,"column":12},"end":{"line":80,"column":13}},{"start":{},"end":{}}],"line":78},"7":{"loc":{"start":{"line":91,"column":12},"end":{"line":93,"column":13}},"type":"if","locations":[{"start":{"line":91,"column":12},"end":{"line":93,"column":13}},{"start":{},"end":{}}],"line":91},"8":{"loc":{"start":{"line":167,"column":19},"end":{"line":167,"column":78}},"type":"cond-expr","locations":[{"start":{"line":167,"column":46},"end":{"line":167,"column":62}},{"start":{"line":167,"column":65},"end":{"line":167,"column":78}}],"line":167},"9":{"loc":{"start":{"line":177,"column":12},"end":{"line":179,"column":13}},"type":"if","locations":[{"start":{"line":177,"column":12},"end":{"line":179,"column":13}},{"start":{},"end":{}}],"line":177},"10":{"loc":{"start":{"line":190,"column":12},"end":{"line":192,"column":13}},"type":"if","locations":[{"start":{"line":190,"column":12},"end":{"line":192,"column":13}},{"start":{},"end":{}}],"line":190},"11":{"loc":{"start":{"line":203,"column":12},"end":{"line":205,"column":13}},"type":"if","locations":[{"start":{"line":203,"column":12},"end":{"line":205,"column":13}},{"start":{},"end":{}}],"line":203},"12":{"loc":{"start":{"line":215,"column":12},"end":{"line":217,"column":13}},"type":"if","locations":[{"start":{"line":215,"column":12},"end":{"line":217,"column":13}},{"start":{},"end":{}}],"line":215},"13":{"loc":{"start":{"line":230,"column":12},"end":{"line":232,"column":13}},"type":"if","locations":[{"start":{"line":230,"column":12},"end":{"line":232,"column":13}},{"start":{},"end":{}}],"line":230},"14":{"loc":{"start":{"line":242,"column":12},"end":{"line":244,"column":13}},"type":"if","locations":[{"start":{"line":242,"column":12},"end":{"line":244,"column":13}},{"start":{},"end":{}}],"line":242},"15":{"loc":{"start":{"line":254,"column":12},"end":{"line":260,"column":13}},"type":"if","locations":[{"start":{"line":254,"column":12},"end":{"line":260,"column":13}},{"start":{},"end":{}}],"line":254},"16":{"loc":{"start":{"line":256,"column":16},"end":{"line":258,"column":17}},"type":"if","locations":[{"start":{"line":256,"column":16},"end":{"line":258,"column":17}},{"start":{},"end":{}}],"line":256}},"s":{"0":2,"1":2,"2":2,"3":0,"4":0,"5":0,"6":0,"7":0,"8":0,"9":0,"10":0,"11":0,"12":0,"13":0,"14":0,"15":0,"16":0,"17":0,"18":0,"19":0,"20":0,"21":0,"22":0,"23":0,"24":0,"25":0,"26":0,"27":0,"28":0,"29":0,"30":0,"31":0,"32":0,"33":0,"34":0,"35":0,"36":0,"37":0,"38":0,"39":0,"40":0,"41":0,"42":0,"43":0,"44":0,"45":0,"46":0,"47":0,"48":0,"49":0,"50":0,"51":0,"52":0,"53":0,"54":0,"55":0,"56":0,"57":0,"58":0,"59":0,"60":0,"61":0,"62":0,"63":0,"64":0,"65":0,"66":0,"67":0,"68":0,"69":0,"70":0,"71":0,"72":0,"73":0,"74":0,"75":0,"76":0,"77":0,"78":0,"79":0,"80":0,"81":0,"82":0,"83":0,"84":0,"85":0,"86":0,"87":0,"88":0,"89":0,"90":2},"f":{"0":2,"1":0,"2":0,"3":0,"4":0,"5":0,"6":0,"7":0,"8":0,"9":0,"10":0,"11":0,"12":0},"b":{"0":[0,0],"1":[0,0],"2":[0,0],"3":[0,0],"4":[0,0],"5":[0,0],"6":[0,0],"7":[0,0],"8":[0,0],"9":[0,0],"10":[0,0],"11":[0,0],"12":[0,0],"13":[0,0],"14":[0,0],"15":[0,0],"16":[0,0]},"_coverageSchema":"1a1c01bbd47fc00a2c39e90264f33305004495a9","hash":"948e160d7e9c3d289c81a4a8e97695b639375ab7"}
,"/Volumes/Data/node_project/radgolf/app/modules/golf_ball_brand/models/golf_ball_brand.model.js": {"path":"/Volumes/Data/node_project/radgolf/app/modules/golf_ball_brand/models/golf_ball_brand.model.js","statementMap":{"0":{"start":{"line":1,"column":17},"end":{"line":1,"column":36}},"1":{"start":{"line":2,"column":34},"end":{"line":2,"column":72}},"2":{"start":{"line":3,"column":15},"end":{"line":3,"column":37}},"3":{"start":{"line":5,"column":28},"end":{"line":10,"column":42}},"4":{"start":{"line":13,"column":0},"end":{"line":13,"column":54}},"5":{"start":{"line":14,"column":0},"end":{"line":14,"column":72}}},"fnMap":{},"branchMap":{},"s":{"0":2,"1":2,"2":2,"3":2,"4":2,"5":2},"f":{},"b":{},"_coverageSchema":"1a1c01bbd47fc00a2c39e90264f33305004495a9","hash":"57d9f9665f83c6cfb8a67a798bf3b399cd08f654"}
,"/Volumes/Data/node_project/radgolf/app/modules/golf_ball_brand/repositories/golf_ball_brand.repository.js": {"path":"/Volumes/Data/node_project/radgolf/app/modules/golf_ball_brand/repositories/golf_ball_brand.repository.js","statementMap":{"0":{"start":{"line":1,"column":22},"end":{"line":1,"column":77}},"1":{"start":{"line":2,"column":10},"end":{"line":2,"column":31}},"2":{"start":{"line":6,"column":8},"end":{"line":6,"column":24}},"3":{"start":{"line":9,"column":8},"end":{"line":38,"column":9}},"4":{"start":{"line":11,"column":29},"end":{"line":11,"column":31}},"5":{"start":{"line":12,"column":30},"end":{"line":12,"column":52}},"6":{"start":{"line":13,"column":32},"end":{"line":13,"column":57}},"7":{"start":{"line":14,"column":12},"end":{"line":19,"column":13}},"8":{"start":{"line":15,"column":16},"end":{"line":18,"column":17}},"9":{"start":{"line":16,"column":42},"end":{"line":16,"column":65}},"10":{"start":{"line":17,"column":20},"end":{"line":17,"column":92}},"11":{"start":{"line":21,"column":12},"end":{"line":21,"column":45}},"12":{"start":{"line":23,"column":34},"end":{"line":26,"column":14}},"13":{"start":{"line":27,"column":28},"end":{"line":30,"column":13}},"14":{"start":{"line":31,"column":27},"end":{"line":31,"column":88}},"15":{"start":{"line":32,"column":12},"end":{"line":34,"column":13}},"16":{"start":{"line":33,"column":16},"end":{"line":33,"column":28}},"17":{"start":{"line":35,"column":12},"end":{"line":35,"column":26}},"18":{"start":{"line":37,"column":12},"end":{"line":37,"column":25}},"19":{"start":{"line":42,"column":8},"end":{"line":51,"column":9}},"20":{"start":{"line":43,"column":25},"end":{"line":43,"column":64}},"21":{"start":{"line":44,"column":12},"end":{"line":46,"column":13}},"22":{"start":{"line":45,"column":16},"end":{"line":45,"column":28}},"23":{"start":{"line":47,"column":12},"end":{"line":47,"column":26}},"24":{"start":{"line":50,"column":12},"end":{"line":50,"column":21}},"25":{"start":{"line":55,"column":8},"end":{"line":59,"column":9}},"26":{"start":{"line":56,"column":12},"end":{"line":56,"column":62}},"27":{"start":{"line":58,"column":12},"end":{"line":58,"column":25}},"28":{"start":{"line":63,"column":8},"end":{"line":67,"column":9}},"29":{"start":{"line":64,"column":12},"end":{"line":64,"column":66}},"30":{"start":{"line":66,"column":12},"end":{"line":66,"column":25}},"31":{"start":{"line":71,"column":8},"end":{"line":76,"column":9}},"32":{"start":{"line":72,"column":12},"end":{"line":72,"column":59}},"33":{"start":{"line":73,"column":12},"end":{"line":73,"column":76}},"34":{"start":{"line":75,"column":12},"end":{"line":75,"column":25}},"35":{"start":{"line":80,"column":8},"end":{"line":85,"column":9}},"36":{"start":{"line":81,"column":12},"end":{"line":82,"column":31}},"37":{"start":{"line":84,"column":12},"end":{"line":84,"column":25}},"38":{"start":{"line":89,"column":8},"end":{"line":97,"column":9}},"39":{"start":{"line":90,"column":25},"end":{"line":90,"column":57}},"40":{"start":{"line":91,"column":12},"end":{"line":93,"column":13}},"41":{"start":{"line":92,"column":16},"end":{"line":92,"column":28}},"42":{"start":{"line":94,"column":12},"end":{"line":94,"column":26}},"43":{"start":{"line":96,"column":12},"end":{"line":96,"column":21}},"44":{"start":{"line":101,"column":0},"end":{"line":101,"column":45}}},"fnMap":{"0":{"name":"(anonymous_0)","decl":{"start":{"line":5,"column":4},"end":{"line":5,"column":5}},"loc":{"start":{"line":5,"column":18},"end":{"line":7,"column":5}},"line":5},"1":{"name":"(anonymous_1)","decl":{"start":{"line":8,"column":4},"end":{"line":8,"column":5}},"loc":{"start":{"line":8,"column":22},"end":{"line":39,"column":5}},"line":8},"2":{"name":"(anonymous_2)","decl":{"start":{"line":41,"column":4},"end":{"line":41,"column":5}},"loc":{"start":{"line":41,"column":21},"end":{"line":52,"column":5}},"line":41},"3":{"name":"(anonymous_3)","decl":{"start":{"line":54,"column":4},"end":{"line":54,"column":5}},"loc":{"start":{"line":54,"column":29},"end":{"line":60,"column":5}},"line":54},"4":{"name":"(anonymous_4)","decl":{"start":{"line":62,"column":4},"end":{"line":62,"column":5}},"loc":{"start":{"line":62,"column":32},"end":{"line":68,"column":5}},"line":62},"5":{"name":"(anonymous_5)","decl":{"start":{"line":70,"column":4},"end":{"line":70,"column":5}},"loc":{"start":{"line":70,"column":21},"end":{"line":77,"column":5}},"line":70},"6":{"name":"(anonymous_6)","decl":{"start":{"line":79,"column":4},"end":{"line":79,"column":5}},"loc":{"start":{"line":79,"column":31},"end":{"line":86,"column":5}},"line":79},"7":{"name":"(anonymous_7)","decl":{"start":{"line":88,"column":4},"end":{"line":88,"column":5}},"loc":{"start":{"line":88,"column":21},"end":{"line":98,"column":5}},"line":88}},"branchMap":{"0":{"loc":{"start":{"line":13,"column":32},"end":{"line":13,"column":57}},"type":"binary-expr","locations":[{"start":{"line":13,"column":32},"end":{"line":13,"column":52}},{"start":{"line":13,"column":56},"end":{"line":13,"column":57}}],"line":13},"1":{"loc":{"start":{"line":14,"column":12},"end":{"line":19,"column":13}},"type":"if","locations":[{"start":{"line":14,"column":12},"end":{"line":19,"column":13}},{"start":{},"end":{}}],"line":14},"2":{"loc":{"start":{"line":14,"column":16},"end":{"line":14,"column":66}},"type":"binary-expr","locations":[{"start":{"line":14,"column":16},"end":{"line":14,"column":36}},{"start":{"line":14,"column":40},"end":{"line":14,"column":66}}],"line":14},"3":{"loc":{"start":{"line":15,"column":16},"end":{"line":18,"column":17}},"type":"if","locations":[{"start":{"line":15,"column":16},"end":{"line":18,"column":17}},{"start":{},"end":{}}],"line":15},"4":{"loc":{"start":{"line":32,"column":12},"end":{"line":34,"column":13}},"type":"if","locations":[{"start":{"line":32,"column":12},"end":{"line":34,"column":13}},{"start":{},"end":{}}],"line":32},"5":{"loc":{"start":{"line":44,"column":12},"end":{"line":46,"column":13}},"type":"if","locations":[{"start":{"line":44,"column":12},"end":{"line":46,"column":13}},{"start":{},"end":{}}],"line":44},"6":{"loc":{"start":{"line":91,"column":12},"end":{"line":93,"column":13}},"type":"if","locations":[{"start":{"line":91,"column":12},"end":{"line":93,"column":13}},{"start":{},"end":{}}],"line":91}},"s":{"0":2,"1":2,"2":2,"3":0,"4":0,"5":0,"6":0,"7":0,"8":0,"9":0,"10":0,"11":0,"12":0,"13":0,"14":0,"15":0,"16":0,"17":0,"18":0,"19":0,"20":0,"21":0,"22":0,"23":0,"24":0,"25":0,"26":0,"27":0,"28":1,"29":1,"30":0,"31":0,"32":0,"33":0,"34":0,"35":0,"36":0,"37":0,"38":0,"39":0,"40":0,"41":0,"42":0,"43":0,"44":2},"f":{"0":2,"1":0,"2":0,"3":0,"4":1,"5":0,"6":0,"7":0},"b":{"0":[0,0],"1":[0,0],"2":[0,0],"3":[0,0],"4":[0,0],"5":[0,0],"6":[0,0]},"_coverageSchema":"1a1c01bbd47fc00a2c39e90264f33305004495a9","hash":"49af767e65d0d68b4c35fab83e95360559abb044"}
,"/Volumes/Data/node_project/radgolf/app/modules/golf_club_brand/models/golf_club_brand.model.js": {"path":"/Volumes/Data/node_project/radgolf/app/modules/golf_club_brand/models/golf_club_brand.model.js","statementMap":{"0":{"start":{"line":1,"column":17},"end":{"line":1,"column":36}},"1":{"start":{"line":2,"column":34},"end":{"line":2,"column":72}},"2":{"start":{"line":3,"column":15},"end":{"line":3,"column":37}},"3":{"start":{"line":5,"column":28},"end":{"line":10,"column":42}},"4":{"start":{"line":13,"column":0},"end":{"line":13,"column":54}},"5":{"start":{"line":14,"column":0},"end":{"line":14,"column":72}}},"fnMap":{},"branchMap":{},"s":{"0":2,"1":2,"2":2,"3":2,"4":2,"5":2},"f":{},"b":{},"_coverageSchema":"1a1c01bbd47fc00a2c39e90264f33305004495a9","hash":"b2b8b2b3c3ce20ef0b1bcbdcb0487b90ff8153c4"}
,"/Volumes/Data/node_project/radgolf/app/modules/golf_club_brand/repositories/golf_club_brand.repository.js": {"path":"/Volumes/Data/node_project/radgolf/app/modules/golf_club_brand/repositories/golf_club_brand.repository.js","statementMap":{"0":{"start":{"line":1,"column":22},"end":{"line":1,"column":77}},"1":{"start":{"line":2,"column":10},"end":{"line":2,"column":31}},"2":{"start":{"line":6,"column":8},"end":{"line":6,"column":24}},"3":{"start":{"line":9,"column":8},"end":{"line":38,"column":9}},"4":{"start":{"line":11,"column":29},"end":{"line":11,"column":31}},"5":{"start":{"line":12,"column":30},"end":{"line":12,"column":52}},"6":{"start":{"line":13,"column":32},"end":{"line":13,"column":57}},"7":{"start":{"line":14,"column":12},"end":{"line":19,"column":13}},"8":{"start":{"line":15,"column":16},"end":{"line":18,"column":17}},"9":{"start":{"line":16,"column":42},"end":{"line":16,"column":65}},"10":{"start":{"line":17,"column":20},"end":{"line":17,"column":92}},"11":{"start":{"line":21,"column":12},"end":{"line":21,"column":45}},"12":{"start":{"line":23,"column":34},"end":{"line":26,"column":14}},"13":{"start":{"line":27,"column":28},"end":{"line":30,"column":13}},"14":{"start":{"line":31,"column":27},"end":{"line":31,"column":88}},"15":{"start":{"line":32,"column":12},"end":{"line":34,"column":13}},"16":{"start":{"line":33,"column":16},"end":{"line":33,"column":28}},"17":{"start":{"line":35,"column":12},"end":{"line":35,"column":26}},"18":{"start":{"line":37,"column":12},"end":{"line":37,"column":25}},"19":{"start":{"line":42,"column":8},"end":{"line":51,"column":9}},"20":{"start":{"line":43,"column":25},"end":{"line":43,"column":64}},"21":{"start":{"line":44,"column":12},"end":{"line":46,"column":13}},"22":{"start":{"line":45,"column":16},"end":{"line":45,"column":28}},"23":{"start":{"line":47,"column":12},"end":{"line":47,"column":26}},"24":{"start":{"line":50,"column":12},"end":{"line":50,"column":21}},"25":{"start":{"line":55,"column":8},"end":{"line":59,"column":9}},"26":{"start":{"line":56,"column":12},"end":{"line":56,"column":62}},"27":{"start":{"line":58,"column":12},"end":{"line":58,"column":25}},"28":{"start":{"line":63,"column":8},"end":{"line":67,"column":9}},"29":{"start":{"line":64,"column":12},"end":{"line":64,"column":66}},"30":{"start":{"line":66,"column":12},"end":{"line":66,"column":25}},"31":{"start":{"line":71,"column":8},"end":{"line":76,"column":9}},"32":{"start":{"line":72,"column":12},"end":{"line":72,"column":59}},"33":{"start":{"line":73,"column":12},"end":{"line":73,"column":76}},"34":{"start":{"line":75,"column":12},"end":{"line":75,"column":25}},"35":{"start":{"line":80,"column":8},"end":{"line":85,"column":9}},"36":{"start":{"line":81,"column":12},"end":{"line":82,"column":31}},"37":{"start":{"line":84,"column":12},"end":{"line":84,"column":25}},"38":{"start":{"line":89,"column":8},"end":{"line":97,"column":9}},"39":{"start":{"line":90,"column":25},"end":{"line":90,"column":57}},"40":{"start":{"line":91,"column":12},"end":{"line":93,"column":13}},"41":{"start":{"line":92,"column":16},"end":{"line":92,"column":28}},"42":{"start":{"line":94,"column":12},"end":{"line":94,"column":26}},"43":{"start":{"line":96,"column":12},"end":{"line":96,"column":21}},"44":{"start":{"line":101,"column":0},"end":{"line":101,"column":45}}},"fnMap":{"0":{"name":"(anonymous_0)","decl":{"start":{"line":5,"column":4},"end":{"line":5,"column":5}},"loc":{"start":{"line":5,"column":18},"end":{"line":7,"column":5}},"line":5},"1":{"name":"(anonymous_1)","decl":{"start":{"line":8,"column":4},"end":{"line":8,"column":5}},"loc":{"start":{"line":8,"column":22},"end":{"line":39,"column":5}},"line":8},"2":{"name":"(anonymous_2)","decl":{"start":{"line":41,"column":4},"end":{"line":41,"column":5}},"loc":{"start":{"line":41,"column":21},"end":{"line":52,"column":5}},"line":41},"3":{"name":"(anonymous_3)","decl":{"start":{"line":54,"column":4},"end":{"line":54,"column":5}},"loc":{"start":{"line":54,"column":29},"end":{"line":60,"column":5}},"line":54},"4":{"name":"(anonymous_4)","decl":{"start":{"line":62,"column":4},"end":{"line":62,"column":5}},"loc":{"start":{"line":62,"column":32},"end":{"line":68,"column":5}},"line":62},"5":{"name":"(anonymous_5)","decl":{"start":{"line":70,"column":4},"end":{"line":70,"column":5}},"loc":{"start":{"line":70,"column":21},"end":{"line":77,"column":5}},"line":70},"6":{"name":"(anonymous_6)","decl":{"start":{"line":79,"column":4},"end":{"line":79,"column":5}},"loc":{"start":{"line":79,"column":31},"end":{"line":86,"column":5}},"line":79},"7":{"name":"(anonymous_7)","decl":{"start":{"line":88,"column":4},"end":{"line":88,"column":5}},"loc":{"start":{"line":88,"column":21},"end":{"line":98,"column":5}},"line":88}},"branchMap":{"0":{"loc":{"start":{"line":13,"column":32},"end":{"line":13,"column":57}},"type":"binary-expr","locations":[{"start":{"line":13,"column":32},"end":{"line":13,"column":52}},{"start":{"line":13,"column":56},"end":{"line":13,"column":57}}],"line":13},"1":{"loc":{"start":{"line":14,"column":12},"end":{"line":19,"column":13}},"type":"if","locations":[{"start":{"line":14,"column":12},"end":{"line":19,"column":13}},{"start":{},"end":{}}],"line":14},"2":{"loc":{"start":{"line":14,"column":16},"end":{"line":14,"column":66}},"type":"binary-expr","locations":[{"start":{"line":14,"column":16},"end":{"line":14,"column":36}},{"start":{"line":14,"column":40},"end":{"line":14,"column":66}}],"line":14},"3":{"loc":{"start":{"line":15,"column":16},"end":{"line":18,"column":17}},"type":"if","locations":[{"start":{"line":15,"column":16},"end":{"line":18,"column":17}},{"start":{},"end":{}}],"line":15},"4":{"loc":{"start":{"line":32,"column":12},"end":{"line":34,"column":13}},"type":"if","locations":[{"start":{"line":32,"column":12},"end":{"line":34,"column":13}},{"start":{},"end":{}}],"line":32},"5":{"loc":{"start":{"line":44,"column":12},"end":{"line":46,"column":13}},"type":"if","locations":[{"start":{"line":44,"column":12},"end":{"line":46,"column":13}},{"start":{},"end":{}}],"line":44},"6":{"loc":{"start":{"line":91,"column":12},"end":{"line":93,"column":13}},"type":"if","locations":[{"start":{"line":91,"column":12},"end":{"line":93,"column":13}},{"start":{},"end":{}}],"line":91}},"s":{"0":2,"1":2,"2":2,"3":0,"4":0,"5":0,"6":0,"7":0,"8":0,"9":0,"10":0,"11":0,"12":0,"13":0,"14":0,"15":0,"16":0,"17":0,"18":0,"19":0,"20":0,"21":0,"22":0,"23":0,"24":0,"25":0,"26":0,"27":0,"28":1,"29":1,"30":0,"31":0,"32":0,"33":0,"34":0,"35":0,"36":0,"37":0,"38":0,"39":0,"40":0,"41":0,"42":0,"43":0,"44":2},"f":{"0":2,"1":0,"2":0,"3":0,"4":1,"5":0,"6":0,"7":0},"b":{"0":[0,0],"1":[0,0],"2":[0,0],"3":[0,0],"4":[0,0],"5":[0,0],"6":[0,0]},"_coverageSchema":"1a1c01bbd47fc00a2c39e90264f33305004495a9","hash":"9033d596a0a464d8f168a126166f005bd6bfd176"}
,"/Volumes/Data/node_project/radgolf/app/modules/role/models/role.model.js": {"path":"/Volumes/Data/node_project/radgolf/app/modules/role/models/role.model.js","statementMap":{"0":{"start":{"line":1,"column":17},"end":{"line":1,"column":36}},"1":{"start":{"line":2,"column":34},"end":{"line":2,"column":72}},"2":{"start":{"line":3,"column":18},"end":{"line":3,"column":41}},"3":{"start":{"line":4,"column":15},"end":{"line":4,"column":37}},"4":{"start":{"line":6,"column":19},"end":{"line":13,"column":42}},"5":{"start":{"line":15,"column":0},"end":{"line":15,"column":45}},"6":{"start":{"line":16,"column":0},"end":{"line":23,"column":3}},"7":{"start":{"line":25,"column":0},"end":{"line":30,"column":3}},"8":{"start":{"line":32,"column":0},"end":{"line":32,"column":45}},"9":{"start":{"line":33,"column":0},"end":{"line":33,"column":52}}},"fnMap":{},"branchMap":{},"s":{"0":2,"1":2,"2":2,"3":2,"4":2,"5":2,"6":2,"7":2,"8":2,"9":2},"f":{},"b":{},"_coverageSchema":"1a1c01bbd47fc00a2c39e90264f33305004495a9","hash":"790cb0cdc3200951a9c690f02ecf76d3f9dbba9e"}
,"/Volumes/Data/node_project/radgolf/app/modules/role/repositories/role.repository.js": {"path":"/Volumes/Data/node_project/radgolf/app/modules/role/repositories/role.repository.js","statementMap":{"0":{"start":{"line":1,"column":13},"end":{"line":1,"column":46}},"1":{"start":{"line":2,"column":10},"end":{"line":2,"column":31}},"2":{"start":{"line":6,"column":8},"end":{"line":6,"column":24}},"3":{"start":{"line":9,"column":8},"end":{"line":42,"column":9}},"4":{"start":{"line":11,"column":29},"end":{"line":11,"column":31}},"5":{"start":{"line":12,"column":30},"end":{"line":12,"column":52}},"6":{"start":{"line":13,"column":32},"end":{"line":13,"column":57}},"7":{"start":{"line":14,"column":12},"end":{"line":19,"column":13}},"8":{"start":{"line":15,"column":16},"end":{"line":18,"column":17}},"9":{"start":{"line":16,"column":42},"end":{"line":16,"column":65}},"10":{"start":{"line":17,"column":20},"end":{"line":17,"column":102}},"11":{"start":{"line":20,"column":12},"end":{"line":24,"column":13}},"12":{"start":{"line":21,"column":16},"end":{"line":23,"column":17}},"13":{"start":{"line":22,"column":20},"end":{"line":22,"column":72}},"14":{"start":{"line":25,"column":12},"end":{"line":25,"column":45}},"15":{"start":{"line":27,"column":34},"end":{"line":30,"column":14}},"16":{"start":{"line":31,"column":28},"end":{"line":34,"column":13}},"17":{"start":{"line":35,"column":27},"end":{"line":35,"column":79}},"18":{"start":{"line":36,"column":12},"end":{"line":38,"column":13}},"19":{"start":{"line":37,"column":16},"end":{"line":37,"column":28}},"20":{"start":{"line":39,"column":12},"end":{"line":39,"column":26}},"21":{"start":{"line":41,"column":12},"end":{"line":41,"column":25}},"22":{"start":{"line":46,"column":8},"end":{"line":55,"column":9}},"23":{"start":{"line":47,"column":25},"end":{"line":47,"column":55}},"24":{"start":{"line":48,"column":12},"end":{"line":50,"column":13}},"25":{"start":{"line":49,"column":16},"end":{"line":49,"column":28}},"26":{"start":{"line":51,"column":12},"end":{"line":51,"column":26}},"27":{"start":{"line":54,"column":12},"end":{"line":54,"column":21}},"28":{"start":{"line":59,"column":8},"end":{"line":63,"column":9}},"29":{"start":{"line":60,"column":12},"end":{"line":60,"column":53}},"30":{"start":{"line":62,"column":12},"end":{"line":62,"column":25}},"31":{"start":{"line":67,"column":8},"end":{"line":71,"column":9}},"32":{"start":{"line":68,"column":12},"end":{"line":68,"column":57}},"33":{"start":{"line":70,"column":12},"end":{"line":70,"column":25}},"34":{"start":{"line":75,"column":8},"end":{"line":80,"column":9}},"35":{"start":{"line":76,"column":12},"end":{"line":76,"column":50}},"36":{"start":{"line":77,"column":12},"end":{"line":77,"column":67}},"37":{"start":{"line":79,"column":12},"end":{"line":79,"column":25}},"38":{"start":{"line":84,"column":8},"end":{"line":89,"column":9}},"39":{"start":{"line":85,"column":12},"end":{"line":86,"column":31}},"40":{"start":{"line":88,"column":12},"end":{"line":88,"column":25}},"41":{"start":{"line":93,"column":8},"end":{"line":101,"column":9}},"42":{"start":{"line":94,"column":25},"end":{"line":94,"column":48}},"43":{"start":{"line":95,"column":12},"end":{"line":97,"column":13}},"44":{"start":{"line":96,"column":16},"end":{"line":96,"column":28}},"45":{"start":{"line":98,"column":12},"end":{"line":98,"column":26}},"46":{"start":{"line":100,"column":12},"end":{"line":100,"column":21}},"47":{"start":{"line":105,"column":0},"end":{"line":105,"column":36}}},"fnMap":{"0":{"name":"(anonymous_0)","decl":{"start":{"line":5,"column":4},"end":{"line":5,"column":5}},"loc":{"start":{"line":5,"column":18},"end":{"line":7,"column":5}},"line":5},"1":{"name":"(anonymous_1)","decl":{"start":{"line":8,"column":4},"end":{"line":8,"column":5}},"loc":{"start":{"line":8,"column":22},"end":{"line":43,"column":5}},"line":8},"2":{"name":"(anonymous_2)","decl":{"start":{"line":45,"column":4},"end":{"line":45,"column":5}},"loc":{"start":{"line":45,"column":21},"end":{"line":56,"column":5}},"line":45},"3":{"name":"(anonymous_3)","decl":{"start":{"line":58,"column":4},"end":{"line":58,"column":5}},"loc":{"start":{"line":58,"column":29},"end":{"line":64,"column":5}},"line":58},"4":{"name":"(anonymous_4)","decl":{"start":{"line":66,"column":4},"end":{"line":66,"column":5}},"loc":{"start":{"line":66,"column":32},"end":{"line":72,"column":5}},"line":66},"5":{"name":"(anonymous_5)","decl":{"start":{"line":74,"column":4},"end":{"line":74,"column":5}},"loc":{"start":{"line":74,"column":21},"end":{"line":81,"column":5}},"line":74},"6":{"name":"(anonymous_6)","decl":{"start":{"line":83,"column":4},"end":{"line":83,"column":5}},"loc":{"start":{"line":83,"column":31},"end":{"line":90,"column":5}},"line":83},"7":{"name":"(anonymous_7)","decl":{"start":{"line":92,"column":4},"end":{"line":92,"column":5}},"loc":{"start":{"line":92,"column":21},"end":{"line":102,"column":5}},"line":92}},"branchMap":{"0":{"loc":{"start":{"line":13,"column":32},"end":{"line":13,"column":57}},"type":"binary-expr","locations":[{"start":{"line":13,"column":32},"end":{"line":13,"column":52}},{"start":{"line":13,"column":56},"end":{"line":13,"column":57}}],"line":13},"1":{"loc":{"start":{"line":14,"column":12},"end":{"line":19,"column":13}},"type":"if","locations":[{"start":{"line":14,"column":12},"end":{"line":19,"column":13}},{"start":{},"end":{}}],"line":14},"2":{"loc":{"start":{"line":14,"column":16},"end":{"line":14,"column":66}},"type":"binary-expr","locations":[{"start":{"line":14,"column":16},"end":{"line":14,"column":36}},{"start":{"line":14,"column":40},"end":{"line":14,"column":66}}],"line":14},"3":{"loc":{"start":{"line":15,"column":16},"end":{"line":18,"column":17}},"type":"if","locations":[{"start":{"line":15,"column":16},"end":{"line":18,"column":17}},{"start":{},"end":{}}],"line":15},"4":{"loc":{"start":{"line":20,"column":12},"end":{"line":24,"column":13}},"type":"if","locations":[{"start":{"line":20,"column":12},"end":{"line":24,"column":13}},{"start":{},"end":{}}],"line":20},"5":{"loc":{"start":{"line":20,"column":16},"end":{"line":20,"column":68}},"type":"binary-expr","locations":[{"start":{"line":20,"column":16},"end":{"line":20,"column":36}},{"start":{"line":20,"column":40},"end":{"line":20,"column":68}}],"line":20},"6":{"loc":{"start":{"line":21,"column":16},"end":{"line":23,"column":17}},"type":"if","locations":[{"start":{"line":21,"column":16},"end":{"line":23,"column":17}},{"start":{},"end":{}}],"line":21},"7":{"loc":{"start":{"line":36,"column":12},"end":{"line":38,"column":13}},"type":"if","locations":[{"start":{"line":36,"column":12},"end":{"line":38,"column":13}},{"start":{},"end":{}}],"line":36},"8":{"loc":{"start":{"line":48,"column":12},"end":{"line":50,"column":13}},"type":"if","locations":[{"start":{"line":48,"column":12},"end":{"line":50,"column":13}},{"start":{},"end":{}}],"line":48},"9":{"loc":{"start":{"line":95,"column":12},"end":{"line":97,"column":13}},"type":"if","locations":[{"start":{"line":95,"column":12},"end":{"line":97,"column":13}},{"start":{},"end":{}}],"line":95}},"s":{"0":2,"1":2,"2":2,"3":0,"4":0,"5":0,"6":0,"7":0,"8":0,"9":0,"10":0,"11":0,"12":0,"13":0,"14":0,"15":0,"16":0,"17":0,"18":0,"19":0,"20":0,"21":0,"22":0,"23":0,"24":0,"25":0,"26":0,"27":0,"28":0,"29":0,"30":0,"31":0,"32":0,"33":0,"34":0,"35":0,"36":0,"37":0,"38":0,"39":0,"40":0,"41":0,"42":0,"43":0,"44":0,"45":0,"46":0,"47":2},"f":{"0":2,"1":0,"2":0,"3":0,"4":0,"5":0,"6":0,"7":0},"b":{"0":[0,0],"1":[0,0],"2":[0,0],"3":[0,0],"4":[0,0],"5":[0,0],"6":[0,0],"7":[0,0],"8":[0,0],"9":[0,0]},"_coverageSchema":"1a1c01bbd47fc00a2c39e90264f33305004495a9","hash":"b1ae6fb5b7dcce41d2ca7e3d27784adc00973d85"}
[...]
column":16},"end":{"line":370,"column":17}},"176":{"start":{"line":366,"column":20},"end":{"line":366,"column":122}},"177":{"start":{"line":367,"column":20},"end":{"line":367,"column":68}},"178":{"start":{"line":368,"column":20},"end":{"line":368,"column":61}},"179":{"start":{"line":369,"column":20},"end":{"line":369,"column":63}},"180":{"start":{"line":371,"column":35},"end":{"line":371,"column":78}},"181":{"start":{"line":372,"column":16},"end":{"line":376,"column":17}},"182":{"start":{"line":373,"column":20},"end":{"line":373,"column":105}},"183":{"start":{"line":375,"column":20},"end":{"line":375,"column":125}},"184":{"start":{"line":379,"column":12},"end":{"line":379,"column":61}},"185":{"start":{"line":385,"column":0},"end":{"line":385,"column":42}}},"fnMap":{"0":{"name":"(anonymous_0)","decl":{"start":{"line":24,"column":4},"end":{"line":24,"column":5}},"loc":{"start":{"line":24,"column":18},"end":{"line":25,"column":6}},"line":24},"1":{"name":"(anonymous_1)","decl":{"start":{"line":30,"column":4},"end":{"line":30,"column":5}},"loc":{"start":{"line":30,"column":40},"end":{"line":55,"column":5}},"line":30},"2":{"name":"(anonymous_2)","decl":{"start":{"line":61,"column":4},"end":{"line":61,"column":5}},"loc":{"start":{"line":61,"column":42},"end":{"line":89,"column":5}},"line":61},"3":{"name":"(anonymous_3)","decl":{"start":{"line":95,"column":4},"end":{"line":95,"column":5}},"loc":{"start":{"line":95,"column":34},"end":{"line":132,"column":5}},"line":95},"4":{"name":"(anonymous_4)","decl":{"start":{"line":137,"column":4},"end":{"line":137,"column":5}},"loc":{"start":{"line":137,"column":34},"end":{"line":163,"column":5}},"line":137},"5":{"name":"(anonymous_5)","decl":{"start":{"line":169,"column":4},"end":{"line":169,"column":5}},"loc":{"start":{"line":169,"column":39},"end":{"line":205,"column":5}},"line":169},"6":{"name":"(anonymous_6)","decl":{"start":{"line":210,"column":4},"end":{"line":210,"column":5}},"loc":{"start":{"line":210,"column":33},"end":{"line":235,"column":5}},"line":210},"7":{"name":"(anonymous_7)","decl":{"start":{"line":240,"column":4},"end":{"line":240,"column":5}},"loc":{"start":{"line":240,"column":30},"end":{"line":266,"column":5}},"line":240},"8":{"name":"(anonymous_8)","decl":{"start":{"line":271,"column":4},"end":{"line":271,"column":5}},"loc":{"start":{"line":271,"column":35},"end":{"line":299,"column":5}},"line":271},"9":{"name":"(anonymous_9)","decl":{"start":{"line":304,"column":4},"end":{"line":304,"column":5}},"loc":{"start":{"line":304,"column":33},"end":{"line":327,"column":2}},"line":304},"10":{"name":"(anonymous_10)","decl":{"start":{"line":332,"column":4},"end":{"line":332,"column":5}},"loc":{"start":{"line":332,"column":31},"end":{"line":344,"column":2}},"line":332},"11":{"name":"(anonymous_11)","decl":{"start":{"line":349,"column":4},"end":{"line":349,"column":5}},"loc":{"start":{"line":349,"column":34},"end":{"line":381,"column":5}},"line":349}},"branchMap":{"0":{"loc":{"start":{"line":35,"column":12},"end":{"line":51,"column":13}},"type":"if","locations":[{"start":{"line":35,"column":12},"end":{"line":51,"column":13}},{"start":{"line":49,"column":19},"end":{"line":51,"column":13}}],"line":35},"1":{"loc":{"start":{"line":65,"column":13},"end":{"line":85,"column":14}},"type":"if","locations":[{"start":{"line":65,"column":13},"end":{"line":85,"column":14}},{"start":{"line":83,"column":19},"end":{"line":85,"column":14}}],"line":65},"2":{"loc":{"start":{"line":99,"column":13},"end":{"line":128,"column":14}},"type":"if","locations":[{"start":{"line":99,"column":13},"end":{"line":128,"column":14}},{"start":{"line":126,"column":19},"end":{"line":128,"column":14}}],"line":99},"3":{"loc":{"start":{"line":104,"column":16},"end":{"line":108,"column":17}},"type":"if","locations":[{"start":{"line":104,"column":16},"end":{"line":108,"column":17}},{"start":{},"end":{}}],"line":104},"4":{"loc":{"start":{"line":104,"column":20},"end":{"line":104,"column":53}},"type":"binary-expr","locations":[{"start":{"line":104,"column":20},"end":{"line":104,"column":29}},{"start":{"line":104,"column":33},"end":{"line":104,"column":53}}],"line":104},"5":{"loc":{"start":{"line":140,"column":12},"end":{"line":159,"column":13}},"type":"if","locations":[{"start":{"line":140,"column":12},"end":{"line":159,"column":13}},{"start":{"line":157,"column":19},"end":{"line":159,"column":13}}],"line":140},"6":{"loc":{"start":{"line":140,"column":16},"end":{"line":140,"column":77}},"type":"binary-expr","locations":[{"start":{"line":140,"column":16},"end":{"line":140,"column":36}},{"start":{"line":140,"column":40},"end":{"line":140,"column":77}}],"line":140},"7":{"loc":{"start":{"line":173,"column":12},"end":{"line":200,"column":13}},"type":"if","locations":[{"start":{"line":173,"column":12},"end":{"line":200,"column":13}},{"start":{"line":198,"column":20},"end":{"line":200,"column":13}}],"line":173},"8":{"loc":{"start":{"line":173,"column":16},"end":{"line":173,"column":77}},"type":"binary-expr","locations":[{"start":{"line":173,"column":16},"end":{"line":173,"column":36}},{"start":{"line":173,"column":40},"end":{"line":173,"column":77}}],"line":173},"9":{"loc":{"start":{"line":175,"column":16},"end":{"line":197,"column":17}},"type":"if","locations":[{"start":{"line":175,"column":16},"end":{"line":197,"column":17}},{"start":{"line":195,"column":23},"end":{"line":197,"column":17}}],"line":175},"10":{"loc":{"start":{"line":215,"column":12},"end":{"line":231,"column":13}},"type":"if","locations":[{"start":{"line":215,"column":12},"end":{"line":231,"column":13}},{"start":{"line":229,"column":19},"end":{"line":231,"column":13}}],"line":215},"11":{"loc":{"start":{"line":215,"column":16},"end":{"line":215,"column":77}},"type":"binary-expr","locations":[{"start":{"line":215,"column":16},"end":{"line":215,"column":36}},{"start":{"line":215,"column":40},"end":{"line":215,"column":77}}],"line":215},"12":{"loc":{"start":{"line":246,"column":12},"end":{"line":262,"column":13}},"type":"if","locations":[{"start":{"line":246,"column":12},"end":{"line":262,"column":13}},{"start":{"line":260,"column":19},"end":{"line":262,"column":13}}],"line":246},"13":{"loc":{"start":{"line":275,"column":13},"end":{"line":295,"column":14}},"type":"if","locations":[{"start":{"line":275,"column":13},"end":{"line":295,"column":14}},{"start":{"line":293,"column":19},"end":{"line":295,"column":14}}],"line":275},"14":{"loc":{"start":{"line":307,"column":3},"end":{"line":309,"column":4}},"type":"if","locations":[{"start":{"line":307,"column":3},"end":{"line":309,"column":4}},{"start":{},"end":{}}],"line":307},"15":{"loc":{"start":{"line":313,"column":12},"end":{"line":323,"column":4}},"type":"if","locations":[{"start":{"line":313,"column":12},"end":{"line":323,"column":4}},{"start":{"line":321,"column":10},"end":{"line":323,"column":4}}],"line":313},"16":{"loc":{"start":{"line":313,"column":16},"end":{"line":313,"column":71}},"type":"binary-expr","locations":[{"start":{"line":313,"column":17},"end":{"line":313,"column":34}},{"start":{"line":313,"column":40},"end":{"line":313,"column":70}}],"line":313},"17":{"loc":{"start":{"line":336,"column":12},"end":{"line":340,"column":13}},"type":"if","locations":[{"start":{"line":336,"column":12},"end":{"line":340,"column":13}},{"start":{"line":338,"column":19},"end":{"line":340,"column":13}}],"line":336},"18":{"loc":{"start":{"line":358,"column":12},"end":{"line":377,"column":13}},"type":"if","locations":[{"start":{"line":358,"column":12},"end":{"line":377,"column":13}},{"start":{"line":360,"column":19},"end":{"line":377,"column":13}}],"line":358},"19":{"loc":{"start":{"line":365,"column":16},"end":{"line":370,"column":17}},"type":"if","locations":[{"start":{"line":365,"column":16},"end":{"line":370,"column":17}},{"start":{},"end":{}}],"line":365},"20":{"loc":{"start":{"line":365,"column":20},"end":{"line":365,"column":53}},"type":"binary-expr","locations":[{"start":{"line":365,"column":20},"end":{"line":365,"column":29}},{"start":{"line":365,"column":33},"end":{"line":365,"column":53}}],"line":365},"21":{"loc":{"start":{"line":372,"column":16},"end":{"line":376,"column":17}},"type":"if","locations":[{"start":{"line":372,"column":16},"end":{"line":376,"column":17}},{"start":{"line":374,"column":23},"end":{"line":376,"column":17}}],"line":372}},"s":{"0":2,"1":2,"2":2,"3":2,"4":2,"5":2,"6":2,"7":2,"8":2,"9":2,"10":2,"11":2,"12":2,"13":2,"14":2,"15":2,"16":2,"17":2,"18":2,"19":0,"20":0,"21":0,"22":0,"23":0,"24":0,"25":0,"26":0,"27":0,"28":0,"29":0,"30":0,"31":0,"32":0,"33":0,"34":0,"35":0,"36":0,"37":0,"38":0,"39":0,"40":0,"41":0,"42":0,"43":0,"44":0,"45":0,"46":0,"47":0,"48":0,"49":0,"50":0,"51":0,"52":0,"53":0,"54":0,"55":0,"56":0,"57":0,"58":0,"59":0,"60":0,"61":0,"62":0,"63":0,"64":0,"65":0,"66":0,"67":0,"68":0,"69":0,"70":0,"71":0,"72":0,"73":0,"74":0,"75":0,"76":0,"77":0,"78":0,"79":0,"80":0,"81":0,"82":0,"83":0,"84":0,"85":0,"86":0,"87":0,"88":0,"89":0,"90":0,"91":0,"92":0,"93":0,"94":0,"95":0,"96":0,"97":0,"98":0,"99":0,"100":0,"101":0,"102":0,"103":0,"104":0,"105":0,"106":0,"107":0,"108":0,"109":0,"110":0,"111":0,"112":0,"113":0,"114":0,"115":0,"116":0,"117":0,"118":0,"119":0,"120":0,"121":0,"122":0,"123":0,"124":0,"125":0,"126":0,"127":0,"128":0,"129":0,"130":0,"131":0,"132":0,"133":0,"134":0,"135":0,"136":0,"137":0,"138":0,"139":0,"140":0,"141":0,"142":0,"143":0,"144":0,"145":0,"146":0,"147":0,"148":0,"149":0,"150":0,"151":0,"152":0,"153":0,"154":0,"155":0,"156":0,"157":0,"158":0,"159":0,"160":0,"161":0,"162":0,"163":0,"164":0,"165":0,"166":0,"167":0,"168":0,"169":0,"170":0,"171":0,"172":0,"173":0,"174":0,"175":0,"176":0,"177":0,"178":0,"179":0,"180":0,"181":0,"182":0,"183":0,"184":0,"185":2},"f":{"0":2,"1":0,"2":0,"3":0,"4":0,"5":0,"6":0,"7":0,"8":0,"9":0,"10":0,"11":0},"b":{"0":[0,0],"1":[0,0],"2":[0,0],"3":[0,0],"4":[0,0],"5":[0,0],"6":[0,0],"7":[0,0],"8":[0,0],"9":[0,0],"10":[0,0],"11":[0,0],"12":[0,0],"13":[0,0],"14":[0,0],"15":[0,0],"16":[0,0],"17":[0,0],"18":[0,0],"19":[0,0],"20":[0,0],"21":[0,0]},"_coverageSchema":"1a1c01bbd47fc00a2c39e90264f33305004495a9","hash":"996098126fd0d78e7cd2e638be120dead903a4be"}
,"/Volumes/Data/node_project/radgolf/app/modules/webservice/master.controller.js": {"path":"/Volumes/Data/node_project/radgolf/app/modules/webservice/master.controller.js","statementMap":{"0":{"start":{"line":1,"column":17},"end":{"line":1,"column":36}},"1":{"start":{"line":2,"column":26},"end":{"line":2,"column":92}},"2":{"start":{"line":3,"column":26},"end":{"line":3,"column":92}},"3":{"start":{"line":4,"column":10},"end":{"line":4,"column":31}},"4":{"start":{"line":5,"column":15},"end":{"line":5,"column":44}},"5":{"start":{"line":6,"column":14},"end":{"line":6,"column":43}},"6":{"start":{"line":7,"column":23},"end":{"line":7,"column":61}},"7":{"start":{"line":8,"column":15},"end":{"line":8,"column":45}},"8":{"start":{"line":9,"column":15},"end":{"line":9,"column":27}},"9":{"start":{"line":10,"column":23},"end":{"line":10,"column":49}},"10":{"start":{"line":11,"column":18},"end":{"line":11,"column":20}},"11":{"start":{"line":22,"column":8},"end":{"line":31,"column":9}},"12":{"start":{"line":23,"column":25},"end":{"line":23,"column":97}},"13":{"start":{"line":24,"column":12},"end":{"line":28,"column":13}},"14":{"start":{"line":25,"column":16},"end":{"line":25,"column":100}},"15":{"start":{"line":27,"column":16},"end":{"line":27,"column":101}},"16":{"start":{"line":30,"column":12},"end":{"line":30,"column":61}},"17":{"start":{"line":39,"column":8},"end":{"line":48,"column":9}},"18":{"start":{"line":40,"column":25},"end":{"line":40,"column":97}},"19":{"start":{"line":41,"column":12},"end":{"line":45,"column":13}},"20":{"start":{"line":42,"column":16},"end":{"line":42,"column":100}},"21":{"start":{"line":44,"column":16},"end":{"line":44,"column":101}},"22":{"start":{"line":47,"column":12},"end":{"line":47,"column":61}},"23":{"start":{"line":52,"column":0},"end":{"line":52,"column":40}}},"fnMap":{"0":{"name":"(anonymous_0)","decl":{"start":{"line":14,"column":4},"end":{"line":14,"column":5}},"loc":{"start":{"line":14,"column":18},"end":{"line":15,"column":6}},"line":14},"1":{"name":"(anonymous_1)","decl":{"start":{"line":21,"column":4},"end":{"line":21,"column":5}},"loc":{"start":{"line":21,"column":34},"end":{"line":32,"column":5}},"line":21},"2":{"name":"(anonymous_2)","decl":{"start":{"line":38,"column":4},"end":{"line":38,"column":5}},"loc":{"start":{"line":38,"column":34},"end":{"line":49,"column":5}},"line":38}},"branchMap":{"0":{"loc":{"start":{"line":24,"column":12},"end":{"line":28,"column":13}},"type":"if","locations":[{"start":{"line":24,"column":12},"end":{"line":28,"column":13}},{"start":{"line":26,"column":19},"end":{"line":28,"column":13}}],"line":24},"1":{"loc":{"start":{"line":41,"column":12},"end":{"line":45,"column":13}},"type":"if","locations":[{"start":{"line":41,"column":12},"end":{"line":45,"column":13}},{"start":{"line":43,"column":19},"end":{"line":45,"column":13}}],"line":41}},"s":{"0":2,"1":2,"2":2,"3":2,"4":2,"5":2,"6":2,"7":2,"8":2,"9":2,"10":2,"11":1,"12":1,"13":1,"14":0,"15":1,"16":0,"17":1,"18":1,"19":1,"20":0,"21":1,"22":0,"23":2},"f":{"0":2,"1":1,"2":1},"b":{"0":[0,1],"1":[0,1]},"_coverageSchema":"1a1c01bbd47fc00a2c39e90264f33305004495a9","hash":"400560e63306875faf602d34fee109a72805de56"}
,"/Volumes/Data/node_project/radgolf/app/routes/admin/user.routes.js": {"path":"/Volumes/Data/node_project/radgolf/app/routes/admin/user.routes.js","statementMap":{"0":{"start":{"line":1,"column":16},"end":{"line":1,"column":34}},"1":{"start":{"line":2,"column":19},"end":{"line":2,"column":41}},"2":{"start":{"line":3,"column":15},"end":{"line":3,"column":31}},"3":{"start":{"line":4,"column":20},"end":{"line":4,"column":38}},"4":{"start":{"line":5,"column":23},"end":{"line":5,"column":66}},"5":{"start":{"line":6,"column":15},"end":{"line":6,"column":44}},"6":{"start":{"line":8,"column":12},"end":{"line":8,"column":30}},"7":{"start":{"line":9,"column":0},"end":{"line":9,"column":30}},"8":{"start":{"line":10,"column":11},"end":{"line":10,"column":23}},"9":{"start":{"line":11,"column":17},"end":{"line":11,"column":37}},"10":{"start":{"line":12,"column":15},"end":{"line":12,"column":32}},"11":{"start":{"line":14,"column":19},"end":{"line":30,"column":2}},"12":{"start":{"line":21,"column":10},"end":{"line":21,"column":34}},"13":{"start":{"line":24,"column":10},"end":{"line":24,"column":48}},"14":{"start":{"line":27,"column":10},"end":{"line":27,"column":107}},"15":{"start":{"line":32,"column":22},"end":{"line":32,"column":30}},"16":{"start":{"line":96,"column":0},"end":{"line":96,"column":85}},"17":{"start":{"line":135,"column":0},"end":{"line":135,"column":105}},"18":{"start":{"line":137,"column":0},"end":{"line":137,"column":44}},"19":{"start":{"line":154,"column":0},"end":{"line":154,"column":71}},"20":{"start":{"line":187,"column":0},"end":{"line":187,"column":112}},"21":{"start":{"line":238,"column":0},"end":{"line":238,"column":109}},"22":{"start":{"line":240,"column":0},"end":{"line":240,"column":24}}},"fnMap":{"0":{"name":"(anonymous_0)","decl":{"start":{"line":20,"column":19},"end":{"line":20,"column":20}},"loc":{"start":{"line":20,"column":44},"end":{"line":22,"column":7}},"line":20},"1":{"name":"(anonymous_1)","decl":{"start":{"line":23,"column":16},"end":{"line":23,"column":17}},"loc":{"start":{"line":23,"column":41},"end":{"line":25,"column":7}},"line":23},"2":{"name":"(anonymous_2)","decl":{"start":{"line":26,"column":11},"end":{"line":26,"column":12}},"loc":{"start":{"line":26,"column":36},"end":{"line":28,"column":7}},"line":26}},"branchMap":{},"s":{"0":2,"1":2,"2":2,"3":2,"4":2,"5":2,"6":2,"7":2,"8":2,"9":2,"10":2,"11":2,"12":0,"13":0,"14":0,"15":2,"16":2,"17":2,"18":2,"19":2,"20":2,"21":2,"22":2},"f":{"0":0,"1":0,"2":0},"b":{},"_coverageSchema":"1a1c01bbd47fc00a2c39e90264f33305004495a9","hash":"deae22f5eb3d82086bbf052c7c05ecf348e3388b"}
,"/Volumes/Data/node_project/radgolf/app/routes/api/customer.routes.js": {"path":"/Volumes/Data/node_project/radgolf/app/routes/api/customer.routes.js","statementMap":{"0":{"start":{"line":1,"column":16},"end":{"line":1,"column":34}},"1":{"start":{"line":2,"column":19},"end":{"line":2,"column":41}},"2":{"start":{"line":3,"column":15},"end":{"line":3,"column":31}},"3":{"start":{"line":4,"column":20},"end":{"line":4,"column":38}},"4":{"start":{"line":5,"column":27},"end":{"line":5,"column":68}},"5":{"start":{"line":6,"column":15},"end":{"line":6,"column":44}},"6":{"start":{"line":8,"column":12},"end":{"line":8,"column":30}},"7":{"start":{"line":9,"column":0},"end":{"line":9,"column":30}},"8":{"start":{"line":10,"column":11},"end":{"line":10,"column":23}},"9":{"start":{"line":11,"column":17},"end":{"line":11,"column":37}},"10":{"start":{"line":12,"column":15},"end":{"line":12,"column":32}},"11":{"start":{"line":14,"column":19},"end":{"line":30,"column":2}},"12":{"start":{"line":21,"column":10},"end":{"line":21,"column":34}},"13":{"start":{"line":24,"column":10},"end":{"line":24,"column":48}},"14":{"start":{"line":27,"column":10},"end":{"line":27,"column":107}},"15":{"start":{"line":32,"column":22},"end":{"line":32,"column":30}},"16":{"start":{"line":65,"column":0},"end":{"line":65,"column":132}},"17":{"start":{"line":96,"column":0},"end":{"line":96,"column":148}},"18":{"start":{"line":152,"column":1},"end":{"line":152,"column":131}},"19":{"start":{"line":180,"column":0},"end":{"line":180,"column":112}},"20":{"start":{"line":208,"column":0},"end":{"line":208,"column":147}},"21":{"start":{"line":230,"column":0},"end":{"line":230,"column":100}},"22":{"start":{"line":261,"column":0},"end":{"line":261,"column":135}},"23":{"start":{"line":299,"column":0},"end":{"line":299,"column":107}},"24":{"start":{"line":302,"column":0},"end":{"line":302,"column":52}},"25":{"start":{"line":319,"column":0},"end":{"line":319,"column":91}},"26":{"start":{"line":411,"column":0},"end":{"line":411,"column":129}},"27":{"start":{"line":413,"column":0},"end":{"line":413,"column":24}}},"fnMap":{"0":{"name":"(anonymous_0)","decl":{"start":{"line":20,"column":19},"end":{"line":20,"column":20}},"loc":{"start":{"line":20,"column":44},"end":{"line":22,"column":7}},"line":20},"1":{"name":"(anonymous_1)","decl":{"start":{"line":23,"column":16},"end":{"line":23,"column":17}},"loc":{"start":{"line":23,"column":41},"end":{"line":25,"column":7}},"line":23},"2":{"name":"(anonymous_2)","decl":{"start":{"line":26,"column":11},"end":{"line":26,"column":12}},"loc":{"start":{"line":26,"column":36},"end":{"line":28,"column":7}},"line":26}},"branchMap":{},"s":{"0":2,"1":2,"2":2,"3":2,"4":2,"5":2,"6":2,"7":2,"8":2,"9":2,"10":2,"11":2,"12":0,"13":0,"14":0,"15":2,"16":2,"17":2,"18":2,"19":2,"20":2,"21":2,"22":2,"23":2,"24":2,"25":2,"26":2,"27":2},"f":{"0":0,"1":0,"2":0},"b":{},"_coverageSchema":"1a1c01bbd47fc00a2c39e90264f33305004495a9","hash":"ab2dad86a47e19e1f1dd919566268bc8742068d6"}
,"/Volumes/Data/node_project/radgolf/app/routes/api/master.routes.js": {"path":"/Volumes/Data/node_project/radgolf/app/routes/api/master.routes.js","statementMap":{"0":{"start":{"line":1,"column":16},"end":{"line":1,"column":34}},"1":{"start":{"line":2,"column":19},"end":{"line":2,"column":41}},"2":{"start":{"line":3,"column":15},"end":{"line":3,"column":31}},"3":{"start":{"line":4,"column":20},"end":{"line":4,"column":38}},"4":{"start":{"line":5,"column":25},"end":{"line":5,"column":64}},"5":{"start":{"line":6,"column":15},"end":{"line":6,"column":44}},"6":{"start":{"line":7,"column":15},"end":{"line":7,"column":32}},"7":{"start":{"line":8,"column":22},"end":{"line":8,"column":30}},"8":{"start":{"line":23,"column":0},"end":{"line":23,"column":98}},"9":{"start":{"line":38,"column":1},"end":{"line":38,"column":99}},"10":{"start":{"line":40,"column":0},"end":{"line":40,"column":24}}},"fnMap":{},"branchMap":{},"s":{"0":2,"1":2,"2":2,"3":2,"4":2,"5":2,"6":2,"7":2,"8":2,"9":2,"10":2},"f":{},"b":{},"_coverageSchema":"1a1c01bbd47fc00a2c39e90264f33305004495a9","hash":"08cc3ecc9e54bdf19a43a57319366271283decd5"}
}
