TN:
SF:radgolf_unit_test.js
FNF:0
FNH:0
DA:2,2
DA:3,2
DA:4,2
DA:5,2
DA:6,2
DA:7,2
DA:8,2
DA:9,2
DA:12,2
DA:13,2
DA:14,2
DA:19,2
DA:20,2
DA:22,2
LF:14
LH:14
BRF:0
BRH:0
end_of_record
TN:
SF:app/config/index.js
FNF:0
FNH:0
DA:2,2
LF:1
LH:1
BRDA:4,0,0,2
BRDA:4,0,1,0
BRDA:5,1,0,2
BRDA:5,1,1,0
BRDA:6,2,0,2
BRDA:6,2,1,0
BRDA:8,3,0,2
BRDA:8,3,1,0
BRDA:9,4,0,2
BRDA:9,4,1,0
BRDA:12,5,0,2
BRDA:12,5,1,0
BRDA:13,6,0,2
BRDA:13,6,1,2
BRDA:14,7,0,2
BRDA:14,7,1,2
BRDA:15,8,0,2
BRDA:15,8,1,2
BRDA:16,9,0,2
BRDA:16,9,1,0
BRDA:23,10,0,2
BRDA:23,10,1,0
BRDA:24,11,0,2
BRDA:24,11,1,0
BRDA:25,12,0,2
BRDA:25,12,1,0
BRDA:26,13,0,2
BRDA:26,13,1,0
BRDA:27,14,0,2
BRDA:27,14,1,0
BRDA:37,15,0,2
BRDA:37,15,1,0
BRF:32
BRH:19
end_of_record
TN:
SF:app/helper/RequestHandler.js
FN:4,(anonymous_0)
FN:8,(anonymous_1)
FN:9,(anonymous_2)
FN:12,(anonymous_3)
FN:13,(anonymous_4)
FN:21,(anonymous_5)
FN:26,(anonymous_6)
FN:28,(anonymous_7)
FN:38,(anonymous_8)
FNF:9
FNH:6
FNDA:8,(anonymous_0)
FNDA:0,(anonymous_1)
FNDA:0,(anonymous_2)
FNDA:3,(anonymous_3)
FNDA:3,(anonymous_4)
FNDA:0,(anonymous_5)
FNDA:5,(anonymous_6)
FNDA:5,(anonymous_7)
FNDA:3,(anonymous_8)
DA:1,2
DA:5,8
DA:9,0
DA:13,3
DA:14,3
DA:15,3
DA:16,3
DA:17,3
DA:22,0
DA:23,0
DA:27,5
DA:28,5
DA:29,5
DA:30,5
DA:32,5
DA:39,3
DA:40,3
DA:45,2
LF:18
LH:15
BRDA:9,0,0,0
BRDA:9,0,1,0
BRDA:14,1,0,3
BRDA:14,1,1,0
BRDA:14,2,0,3
BRDA:14,2,1,0
BRDA:22,3,0,0
BRDA:22,3,1,0
BRDA:23,4,0,0
BRDA:23,4,1,0
BRDA:23,5,0,0
BRDA:23,5,1,0
BRDA:29,6,0,5
BRDA:29,6,1,0
BRDA:33,7,0,5
BRDA:33,7,1,0
BRDA:40,8,0,3
BRDA:40,8,1,0
BRDA:41,9,0,3
BRDA:41,9,1,0
BRDA:41,9,2,0
BRF:21
BRH:6
end_of_record
TN:
SF:app/helper/logger.js
FN:16,(anonymous_0)
FN:28,(anonymous_1)
FN:39,(anonymous_2)
FN:58,(anonymous_3)
FN:67,(anonymous_4)
FN:87,(anonymous_5)
FN:96,(anonymous_6)
FN:116,(anonymous_7)
FN:129,(anonymous_8)
FNF:9
FNH:7
FNDA:10,(anonymous_0)
FNDA:5,(anonymous_1)
FNDA:5,(anonymous_2)
FNDA:3,(anonymous_3)
FNDA:3,(anonymous_4)
FNDA:0,(anonymous_5)
FNDA:0,(anonymous_6)
FNDA:8,(anonymous_7)
FNDA:8,(anonymous_8)
DA:2,2
DA:3,2
DA:4,2
DA:5,2
DA:7,2
DA:8,2
DA:17,10
DA:18,0
DA:21,10
DA:28,5
DA:39,5
DA:52,10
DA:58,3
DA:67,3
DA:81,10
DA:87,0
DA:96,0
DA:110,10
DA:116,8
DA:130,8
DA:131,0
DA:133,8
DA:134,5
DA:135,5
DA:136,3
DA:137,3
DA:138,3
DA:139,0
DA:140,0
DA:141,0
DA:146,2
LF:31
LH:24
BRDA:17,0,0,0
BRDA:17,0,1,10
BRDA:23,1,0,0
BRDA:23,1,1,10
BRDA:130,2,0,0
BRDA:130,2,1,8
BRDA:130,3,0,8
BRDA:130,3,1,8
BRDA:133,4,0,5
BRDA:133,4,1,3
BRDA:136,5,0,3
BRDA:136,5,1,0
BRDA:139,6,0,0
BRDA:139,6,1,0
BRF:14
BRH:8
end_of_record
TN:
SF:app/helper/mailer.js
FN:10,(anonymous_0)
FN:16,(anonymous_1)
FNF:2
FNH:1
FNDA:2,(anonymous_0)
FNDA:0,(anonymous_1)
DA:1,2
DA:2,2
DA:3,2
DA:4,2
DA:5,2
DA:6,2
DA:7,2
DA:17,0
DA:19,0
DA:20,0
DA:29,0
DA:31,0
DA:32,0
DA:38,0
DA:39,0
DA:40,0
DA:41,0
DA:42,0
DA:44,0
DA:48,0
DA:49,0
DA:50,0
DA:54,2
LF:23
LH:8
BRDA:31,0,0,0
BRDA:31,0,1,0
BRDA:39,1,0,0
BRDA:39,1,1,0
BRF:4
BRH:0
end_of_record
TN:
SF:app/helper/utils.js
FN:11,(anonymous_0)
FN:14,(anonymous_1)
FN:15,(anonymous_2)
FN:23,(anonymous_3)
FN:25,(anonymous_4)
FN:29,(anonymous_5)
FN:34,(anonymous_6)
FN:35,(anonymous_7)
FN:42,(anonymous_8)
FN:50,(anonymous_9)
FN:51,(anonymous_10)
FN:53,(anonymous_11)
FN:60,(anonymous_12)
FN:69,(anonymous_13)
FN:72,(anonymous_14)
FN:75,(anonymous_15)
FN:79,(anonymous_16)
FN:87,(anonymous_17)
FN:91,(anonymous_18)
FN:94,(anonymous_19)
FN:105,(anonymous_20)
FN:115,(anonymous_21)
FN:119,(anonymous_22)
FN:123,(anonymous_23)
FN:130,(anonymous_24)
FN:135,(anonymous_25)
FN:136,(anonymous_26)
FN:139,(anonymous_27)
FN:146,(anonymous_28)
FN:148,(anonymous_29)
FN:151,(anonymous_30)
FN:161,(anonymous_31)
FN:169,(anonymous_32)
FN:170,(anonymous_33)
FN:172,(anonymous_34)
FNF:35
FNH:0
FNDA:0,(anonymous_0)
FNDA:0,(anonymous_1)
FNDA:0,(anonymous_2)
FNDA:0,(anonymous_3)
FNDA:0,(anonymous_4)
FNDA:0,(anonymous_5)
FNDA:0,(anonymous_6)
FNDA:0,(anonymous_7)
FNDA:0,(anonymous_8)
FNDA:0,(anonymous_9)
FNDA:0,(anonymous_10)
FNDA:0,(anonymous_11)
FNDA:0,(anonymous_12)
FNDA:0,(anonymous_13)
FNDA:0,(anonymous_14)
FNDA:0,(anonymous_15)
FNDA:0,(anonymous_16)
FNDA:0,(anonymous_17)
FNDA:0,(anonymous_18)
FNDA:0,(anonymous_19)
FNDA:0,(anonymous_20)
FNDA:0,(anonymous_21)
FNDA:0,(anonymous_22)
FNDA:0,(anonymous_23)
FNDA:0,(anonymous_24)
FNDA:0,(anonymous_25)
FNDA:0,(anonymous_26)
FNDA:0,(anonymous_27)
FNDA:0,(anonymous_28)
FNDA:0,(anonymous_29)
FNDA:0,(anonymous_30)
FNDA:0,(anonymous_31)
FNDA:0,(anonymous_32)
FNDA:0,(anonymous_33)
FNDA:0,(anonymous_34)
DA:1,2
DA:2,2
DA:3,2
DA:4,2
DA:5,2
DA:6,2
DA:7,2
DA:9,2
DA:12,0
DA:15,0
DA:16,0
DA:17,0
DA:20,0
DA:25,0
DA:30,0
DA:31,0
DA:35,0
DA:36,0
DA:37,0
DA:39,0
DA:43,0
DA:44,0
DA:45,0
DA:47,0
DA:51,0
DA:54,0
DA:55,0
DA:56,0
DA:58,0
DA:61,0
DA:62,0
DA:63,0
DA:65,0
DA:67,0
DA:70,0
DA:73,0
DA:74,0
DA:75,0
DA:76,0
DA:80,0
DA:81,0
DA:82,0
DA:84,0
DA:88,0
DA:89,0
DA:92,0
DA:95,0
DA:96,0
DA:97,0
DA:98,0
DA:103,0
DA:106,0
DA:108,0
DA:109,0
DA:110,0
DA:113,0
DA:116,0
DA:117,0
DA:118,0
DA:119,0
DA:121,0
DA:124,0
DA:126,0
DA:128,0
DA:131,0
DA:136,0
DA:137,0
DA:140,0
DA:141,0
DA:142,0
DA:143,0
DA:144,0
DA:147,0
DA:148,0
DA:149,0
DA:151,0
DA:152,0
DA:153,0
DA:161,0
DA:162,0
DA:167,0
DA:170,0
DA:173,0
DA:178,2
LF:84
LH:9
BRDA:17,0,0,0
BRDA:17,0,1,0
BRDA:36,1,0,0
BRDA:36,1,1,0
BRDA:44,2,0,0
BRDA:44,2,1,0
BRDA:65,3,0,0
BRDA:65,3,1,0
BRDA:76,4,0,0
BRDA:76,4,1,0
BRDA:76,5,0,0
BRDA:76,5,1,0
BRDA:76,6,0,0
BRDA:76,6,1,0
BRDA:97,7,0,0
BRDA:97,7,1,0
BRDA:109,8,0,0
BRDA:109,8,1,0
BRDA:109,9,0,0
BRDA:109,9,1,0
BRDA:116,10,0,0
BRDA:116,10,1,0
BRDA:118,11,0,0
BRDA:118,11,1,0
BRDA:170,12,0,0
BRDA:170,12,1,0
BRDA:173,13,0,0
BRDA:173,13,1,0
BRDA:173,14,0,0
BRDA:173,14,1,0
BRF:30
BRH:0
end_of_record
TN:
SF:app/middlewares/auth.js
FN:18,(anonymous_0)
FN:20,(anonymous_1)
FN:24,(anonymous_2)
FN:38,(anonymous_3)
FN:42,(anonymous_4)
FN:44,(anonymous_5)
FNF:6
FNH:5
FNDA:2,(anonymous_0)
FNDA:4,(anonymous_1)
FNDA:4,(anonymous_2)
FNDA:0,(anonymous_3)
FNDA:4,(anonymous_4)
FNDA:4,(anonymous_5)
DA:1,2
DA:2,2
DA:3,2
DA:4,2
DA:5,2
DA:6,2
DA:7,2
DA:13,2
DA:14,2
DA:15,2
DA:16,2
DA:18,2
DA:20,2
DA:21,4
DA:25,4
DA:26,0
DA:28,4
DA:30,4
DA:32,0
DA:36,2
DA:37,2
DA:39,0
DA:44,4
DA:45,4
DA:46,0
DA:54,4
DA:55,0
DA:58,4
DA:59,4
LF:29
LH:24
BRDA:25,0,0,0
BRDA:25,0,1,4
BRDA:28,1,0,4
BRDA:28,1,1,0
BRDA:45,2,0,0
BRDA:45,2,1,4
BRDA:54,3,0,0
BRDA:54,3,1,4
BRF:8
BRH:4
end_of_record
TN:
SF:app/modules/customer/repositories/customer.repository.js
FN:5,(anonymous_0)
FN:9,(anonymous_1)
FN:61,(anonymous_2)
FN:75,(anonymous_3)
FN:88,(anonymous_4)
FN:101,(anonymous_5)
FN:173,(anonymous_6)
FN:187,(anonymous_7)
FN:200,(anonymous_8)
FN:212,(anonymous_9)
FN:224,(anonymous_10)
FN:239,(anonymous_11)
FN:251,(anonymous_12)
FNF:13
FNH:1
FNDA:2,(anonymous_0)
FNDA:0,(anonymous_1)
FNDA:0,(anonymous_2)
FNDA:0,(anonymous_3)
FNDA:0,(anonymous_4)
FNDA:0,(anonymous_5)
FNDA:0,(anonymous_6)
FNDA:0,(anonymous_7)
FNDA:0,(anonymous_8)
FNDA:0,(anonymous_9)
FNDA:0,(anonymous_10)
FNDA:0,(anonymous_11)
FNDA:0,(anonymous_12)
DA:1,2
DA:2,2
DA:6,2
DA:10,0
DA:12,0
DA:13,0
DA:14,0
DA:15,0
DA:16,0
DA:17,0
DA:18,0
DA:31,0
DA:33,0
DA:47,0
DA:51,0
DA:52,0
DA:53,0
DA:55,0
DA:57,0
DA:62,0
DA:63,0
DA:64,0
DA:65,0
DA:67,0
DA:70,0
DA:76,0
DA:77,0
DA:78,0
DA:79,0
DA:81,0
DA:84,0
DA:89,0
DA:90,0
DA:91,0
DA:92,0
DA:94,0
DA:97,0
DA:102,0
DA:103,0
DA:104,0
DA:106,0
DA:110,0
DA:112,0
DA:113,0
DA:167,0
DA:169,0
DA:175,0
DA:176,0
DA:177,0
DA:178,0
DA:180,0
DA:183,0
DA:188,0
DA:189,0
DA:190,0
DA:191,0
DA:193,0
DA:196,0
DA:201,0
DA:202,0
DA:203,0
DA:204,0
DA:206,0
DA:208,0
DA:213,0
DA:214,0
DA:215,0
DA:216,0
DA:218,0
DA:220,0
DA:225,0
DA:226,0
DA:230,0
DA:231,0
DA:233,0
DA:235,0
DA:240,0
DA:241,0
DA:242,0
DA:243,0
DA:245,0
DA:247,0
DA:252,0
DA:253,0
DA:254,0
DA:255,0
DA:256,0
DA:257,0
DA:259,0
DA:262,0
DA:267,2
LF:91
LH:4
BRDA:14,0,0,0
BRDA:14,0,1,0
BRDA:15,1,0,0
BRDA:15,1,1,0
BRDA:15,2,0,0
BRDA:15,2,1,0
BRDA:16,3,0,0
BRDA:16,3,1,0
BRDA:52,4,0,0
BRDA:52,4,1,0
BRDA:64,5,0,0
BRDA:64,5,1,0
BRDA:78,6,0,0
BRDA:78,6,1,0
BRDA:91,7,0,0
BRDA:91,7,1,0
BRDA:167,8,0,0
BRDA:167,8,1,0
BRDA:177,9,0,0
BRDA:177,9,1,0
BRDA:190,10,0,0
BRDA:190,10,1,0
BRDA:203,11,0,0
BRDA:203,11,1,0
BRDA:215,12,0,0
BRDA:215,12,1,0
BRDA:230,13,0,0
BRDA:230,13,1,0
BRDA:242,14,0,0
BRDA:242,14,1,0
BRDA:254,15,0,0
BRDA:254,15,1,0
BRDA:256,16,0,0
BRDA:256,16,1,0
BRF:34
BRH:0
end_of_record
TN:
SF:app/modules/golf_ball_brand/models/golf_ball_brand.model.js
FNF:0
FNH:0
DA:1,2
DA:2,2
DA:3,2
DA:5,2
DA:13,2
DA:14,2
LF:6
LH:6
BRF:0
BRH:0
end_of_record
TN:
SF:app/modules/golf_ball_brand/repositories/golf_ball_brand.repository.js
FN:5,(anonymous_0)
FN:8,(anonymous_1)
FN:41,(anonymous_2)
FN:54,(anonymous_3)
FN:62,(anonymous_4)
FN:70,(anonymous_5)
FN:79,(anonymous_6)
FN:88,(anonymous_7)
FNF:8
FNH:2
FNDA:2,(anonymous_0)
FNDA:0,(anonymous_1)
FNDA:0,(anonymous_2)
FNDA:0,(anonymous_3)
FNDA:1,(anonymous_4)
FNDA:0,(anonymous_5)
FNDA:0,(anonymous_6)
FNDA:0,(anonymous_7)
DA:1,2
DA:2,2
DA:6,2
DA:9,0
DA:11,0
DA:12,0
DA:13,0
DA:14,0
DA:15,0
DA:16,0
DA:17,0
DA:21,0
DA:23,0
DA:27,0
DA:31,0
DA:32,0
DA:33,0
DA:35,0
DA:37,0
DA:42,0
DA:43,0
DA:44,0
DA:45,0
DA:47,0
DA:50,0
DA:55,0
DA:56,0
DA:58,0
DA:63,1
DA:64,1
DA:66,0
DA:71,0
DA:72,0
DA:73,0
DA:75,0
DA:80,0
DA:81,0
DA:84,0
DA:89,0
DA:90,0
DA:91,0
DA:92,0
DA:94,0
DA:96,0
DA:101,2
LF:45
LH:6
BRDA:13,0,0,0
BRDA:13,0,1,0
BRDA:14,1,0,0
BRDA:14,1,1,0
BRDA:14,2,0,0
BRDA:14,2,1,0
BRDA:15,3,0,0
BRDA:15,3,1,0
BRDA:32,4,0,0
BRDA:32,4,1,0
BRDA:44,5,0,0
BRDA:44,5,1,0
BRDA:91,6,0,0
BRDA:91,6,1,0
BRF:14
BRH:0
end_of_record
TN:
SF:app/modules/golf_club_brand/models/golf_club_brand.model.js
FNF:0
FNH:0
DA:1,2
DA:2,2
DA:3,2
DA:5,2
DA:13,2
DA:14,2
LF:6
LH:6
BRF:0
BRH:0
end_of_record
TN:
SF:app/modules/golf_club_brand/repositories/golf_club_brand.repository.js
FN:5,(anonymous_0)
FN:8,(anonymous_1)
FN:41,(anonymous_2)
FN:54,(anonymous_3)
FN:62,(anonymous_4)
FN:70,(anonymous_5)
FN:79,(anonymous_6)
FN:88,(anonymous_7)
FNF:8
FNH:2
FNDA:2,(anonymous_0)
FNDA:0,(anonymous_1)
FNDA:0,(anonymous_2)
FNDA:0,(anonymous_3)
FNDA:1,(anonymous_4)
FNDA:0,(anonymous_5)
FNDA:0,(anonymous_6)
FNDA:0,(anonymous_7)
DA:1,2
DA:2,2
DA:6,2
DA:9,0
DA:11,0
DA:12,0
DA:13,0
DA:14,0
DA:15,0
DA:16,0
DA:17,0
DA:21,0
DA:23,0
DA:27,0
DA:31,0
DA:32,0
DA:33,0
DA:35,0
DA:37,0
DA:42,0
DA:43,0
DA:44,0
DA:45,0
DA:47,0
DA:50,0
DA:55,0
DA:56,0
DA:58,0
DA:63,1
DA:64,1
DA:66,0
DA:71,0
DA:72,0
DA:73,0
DA:75,0
DA:80,0
DA:81,0
DA:84,0
DA:89,0
DA:90,0
DA:91,0
DA:92,0
DA:94,0
DA:96,0
DA:101,2
LF:45
LH:6
BRDA:13,0,0,0
BRDA:13,0,1,0
BRDA:14,1,0,0
BRDA:14,1,1,0
BRDA:14,2,0,0
BRDA:14,2,1,0
BRDA:15,3,0,0
BRDA:15,3,1,0
BRDA:32,4,0,0
BRDA:32,4,1,0
BRDA:44,5,0,0
BRDA:44,5,1,0
BRDA:91,6,0,0
BRDA:91,6,1,0
BRF:14
BRH:0
end_of_record
TN:
SF:app/modules/role/models/role.model.js
FNF:0
FNH:0
DA:1,2
DA:2,2
DA:3,2
DA:4,2
DA:6,2
DA:15,2
DA:16,2
DA:25,2
DA:32,2
DA:33,2
LF:10
LH:10
BRF:0
BRH:0
end_of_record
TN:
SF:app/modules/role/repositories/role.repository.js
FN:5,(anonymous_0)
FN:8,(anonymous_1)
FN:45,(anonymous_2)
FN:58,(anonymous_3)
FN:66,(anonymous_4)
FN:74,(anonymous_5)
FN:83,(anonymous_6)
FN:92,(anonymous_7)
FNF:8
FNH:1
FNDA:2,(anonymous_0)
FNDA:0,(anonymous_1)
FNDA:0,(anonymous_2)
FNDA:0,(anonymous_3)
FNDA:0,(anonymous_4)
FNDA:0,(anonymous_5)
FNDA:0,(anonymous_6)
FNDA:0,(anonymous_7)
DA:1,2
DA:2,2
DA:6,2
DA:9,0
DA:11,0
DA:12,0
DA:13,0
DA:14,0
DA:15,0
DA:16,0
DA:17,0
DA:20,0
DA:21,0
DA:22,0
DA:25,0
DA:27,0
DA:31,0
DA:35,0
DA:36,0
DA:37,0
DA:39,0
DA:41,0
DA:46,0
DA:47,0
DA:48,0
DA:49,0
DA:51,0
DA:54,0
DA:59,0
DA:60,0
DA:62,0
DA:67,0
DA:68,0
DA:70,0
DA:75,0
DA:76,0
DA:77,0
DA:79,0
DA:84,0
DA:85,0
DA:88,0
DA:93,0
DA:94,0
DA:95,0
DA:96,0
DA:98,0
DA:100,0
DA:105,2
LF:48
LH:4
BRDA:13,0,0,0
BRDA:13,0,1,0
BRDA:14,1,0,0
BRDA:14,1,1,0
BRDA:14,2,0,0
BRDA:14,2,1,0
BRDA:15,3,0,0
BRDA:15,3,1,0
BRDA:20,4,0,0
BRDA:20,4,1,0
BRDA:20,5,0,0
BRDA:20,5,1,0
BRDA:21,6,0,0
BRDA:21,6,1,0
BRDA:36,7,0,0
BRDA:36,7,1,0
BRDA:48,8,0,0
BRDA:48,8,1,0
BRDA:95,9,0,0
BRDA:95,9,1,0
BRF:20
BRH:0
end_of_record
TN:
SF:app/modules/user/controllers/user.controller.js
FN:22,(anonymous_0)
FN:28,(anonymous_1)
FN:68,(anonymous_2)
FN:96,(anonymous_3)
FN:109,(anonymous_4)
FN:130,(anonymous_5)
FNF:6
FNH:5
FNDA:2,(anonymous_0)
FNDA:2,(anonymous_1)
FNDA:0,(anonymous_2)
FNDA:1,(anonymous_3)
FNDA:2,(anonymous_4)
FNDA:1,(anonymous_5)
DA:1,2
DA:2,2
DA:3,2
DA:4,2
DA:5,2
DA:6,2
DA:7,2
DA:8,2
DA:9,2
DA:11,2
DA:12,2
DA:13,2
DA:15,2
DA:16,2
DA:17,2
DA:18,2
DA:19,2
DA:29,2
DA:30,2
DA:31,2
DA:32,1
DA:34,1
DA:35,1
DA:37,1
DA:40,1
DA:42,1
DA:43,1
DA:44,1
DA:49,1
DA:54,1
DA:55,1
DA:56,1
DA:58,0
DA:61,1
DA:69,0
DA:70,0
DA:71,0
DA:72,0
DA:74,0
DA:75,0
DA:76,0
DA:77,0
DA:78,0
DA:79,0
DA:83,0
DA:84,0
DA:86,0
DA:89,0
DA:97,1
DA:98,1
DA:99,1
DA:100,1
DA:102,0
DA:110,2
DA:111,2
DA:112,2
DA:113,2
DA:114,0
DA:116,2
DA:117,2
DA:119,0
DA:120,0
DA:121,0
DA:123,2
DA:131,1
DA:132,1
DA:133,1
DA:138,1
DA:139,1
DA:140,0
DA:142,1
DA:144,1
DA:145,1
DA:146,1
DA:147,0
DA:148,0
DA:149,0
DA:150,0
DA:152,1
DA:153,1
DA:154,1
DA:156,0
DA:160,0
DA:166,2
LF:84
LH:57
BRDA:31,0,0,1
BRDA:31,0,1,1
BRDA:35,1,0,1
BRDA:35,1,1,0
BRDA:35,2,0,1
BRDA:35,2,1,1
BRDA:71,3,0,0
BRDA:71,3,1,0
BRDA:77,4,0,0
BRDA:77,4,1,0
BRDA:77,5,0,0
BRDA:77,5,1,0
BRDA:113,6,0,0
BRDA:113,6,1,2
BRDA:116,7,0,2
BRDA:116,7,1,0
BRDA:139,8,0,0
BRDA:139,8,1,1
BRDA:146,9,0,0
BRDA:146,9,1,1
BRDA:146,10,0,1
BRDA:146,10,1,1
BRDA:153,11,0,1
BRDA:153,11,1,0
BRF:24
BRH:12
end_of_record
TN:
SF:app/modules/user/models/user.model.js
FN:50,(anonymous_0)
FN:55,(anonymous_1)
FNF:2
FNH:1
FNDA:0,(anonymous_0)
FNDA:4,(anonymous_1)
DA:1,2
DA:2,2
DA:3,2
DA:4,2
DA:5,2
DA:6,2
DA:7,2
DA:8,2
DA:9,2
DA:11,2
DA:50,2
DA:51,0
DA:55,2
DA:56,4
DA:61,2
DA:64,2
LF:16
LH:15
BRF:0
BRH:0
end_of_record
TN:
SF:app/modules/user/repositories/user.repository.js
FN:4,(anonymous_0)
FN:8,(anonymous_1)
FN:42,(anonymous_2)
FN:57,(anonymous_3)
FN:70,(anonymous_4)
FN:84,(anonymous_5)
FN:97,(anonymous_6)
FN:114,(anonymous_7)
FN:118,(anonymous_8)
FN:133,(anonymous_9)
FN:147,(anonymous_10)
FN:160,(anonymous_11)
FN:183,(anonymous_12)
FN:194,(anonymous_13)
FN:206,(anonymous_14)
FNF:15
FNH:5
FNDA:2,(anonymous_0)
FNDA:2,(anonymous_1)
FNDA:0,(anonymous_2)
FNDA:4,(anonymous_3)
FNDA:1,(anonymous_4)
FNDA:0,(anonymous_5)
FNDA:0,(anonymous_6)
FNDA:0,(anonymous_7)
FNDA:2,(anonymous_8)
FNDA:0,(anonymous_9)
FNDA:0,(anonymous_10)
FNDA:0,(anonymous_11)
FNDA:0,(anonymous_12)
FNDA:0,(anonymous_13)
FNDA:0,(anonymous_14)
DA:1,2
DA:2,2
DA:5,2
DA:9,2
DA:10,2
DA:15,2
DA:16,0
DA:23,2
DA:24,1
DA:30,1
DA:37,2
DA:44,0
DA:45,0
DA:46,0
DA:47,0
DA:49,0
DA:52,0
DA:58,4
DA:59,4
DA:60,4
DA:61,0
DA:63,4
DA:66,0
DA:72,1
DA:73,1
DA:74,1
DA:75,1
DA:77,0
DA:80,0
DA:85,0
DA:86,0
DA:87,0
DA:88,0
DA:90,0
DA:93,0
DA:98,0
DA:99,0
DA:100,0
DA:101,0
DA:104,0
DA:105,0
DA:107,0
DA:110,0
DA:119,2
DA:120,2
DA:124,2
DA:125,0
DA:127,2
DA:129,0
DA:134,0
DA:135,0
DA:138,0
DA:139,0
DA:141,0
DA:143,0
DA:148,0
DA:149,0
DA:151,0
DA:152,0
DA:154,0
DA:156,0
DA:162,0
DA:163,0
DA:164,0
DA:165,0
DA:166,0
DA:167,0
DA:168,0
DA:169,0
DA:170,0
DA:171,0
DA:172,0
DA:174,0
DA:179,0
DA:184,0
DA:185,0
DA:186,0
DA:187,0
DA:189,0
DA:191,0
DA:195,0
DA:196,0
DA:197,0
DA:198,0
DA:200,0
DA:202,0
DA:207,0
DA:209,0
DA:210,0
DA:212,0
DA:218,2
LF:91
LH:23
BRDA:15,0,0,0
BRDA:15,0,1,2
BRDA:23,1,0,1
BRDA:23,1,1,1
BRDA:46,2,0,0
BRDA:46,2,1,0
BRDA:60,3,0,0
BRDA:60,3,1,4
BRDA:74,4,0,1
BRDA:74,4,1,0
BRDA:87,5,0,0
BRDA:87,5,1,0
BRDA:100,6,0,0
BRDA:100,6,1,0
BRDA:104,7,0,0
BRDA:104,7,1,0
BRDA:124,8,0,0
BRDA:124,8,1,2
BRDA:138,9,0,0
BRDA:138,9,1,0
BRDA:151,10,0,0
BRDA:151,10,1,0
BRDA:164,11,0,0
BRDA:164,11,1,0
BRDA:166,12,0,0
BRDA:166,12,1,0
BRDA:171,13,0,0
BRDA:171,13,1,0
BRDA:186,14,0,0
BRDA:186,14,1,0
BRDA:197,15,0,0
BRDA:197,15,1,0
BRF:32
BRH:6
end_of_record
TN:
SF:app/modules/webservice/customer.controller.js
FN:24,(anonymous_0)
FN:30,(anonymous_1)
FN:61,(anonymous_2)
FN:95,(anonymous_3)
FN:137,(anonymous_4)
FN:169,(anonymous_5)
FN:210,(anonymous_6)
FN:240,(anonymous_7)
FN:271,(anonymous_8)
FN:304,(anonymous_9)
FN:332,(anonymous_10)
FN:349,(anonymous_11)
FNF:12
FNH:1
FNDA:2,(anonymous_0)
FNDA:0,(anonymous_1)
FNDA:0,(anonymous_2)
FNDA:0,(anonymous_3)
FNDA:0,(anonymous_4)
FNDA:0,(anonymous_5)
FNDA:0,(anonymous_6)
FNDA:0,(anonymous_7)
FNDA:0,(anonymous_8)
FNDA:0,(anonymous_9)
FNDA:0,(anonymous_10)
FNDA:0,(anonymous_11)
DA:1,2
DA:2,2
DA:3,2
DA:4,2
DA:5,2
DA:6,2
DA:7,2
DA:8,2
DA:9,2
DA:10,2
DA:11,2
DA:13,2
DA:14,2
DA:15,2
DA:17,2
DA:18,2
DA:19,2
DA:20,2
DA:21,2
DA:31,0
DA:33,0
DA:34,0
DA:35,0
DA:37,0
DA:38,0
DA:39,0
DA:40,0
DA:46,0
DA:47,0
DA:48,0
DA:50,0
DA:53,0
DA:62,0
DA:64,0
DA:65,0
DA:66,0
DA:67,0
DA:68,0
DA:69,0
DA:74,0
DA:79,0
DA:80,0
DA:81,0
DA:82,0
DA:84,0
DA:87,0
DA:96,0
DA:97,0
DA:98,0
DA:99,0
DA:100,0
DA:102,0
DA:103,0
DA:104,0
DA:105,0
DA:106,0
DA:107,0
DA:109,0
DA:110,0
DA:111,0
DA:112,0
DA:117,0
DA:122,0
DA:123,0
DA:124,0
DA:125,0
DA:127,0
DA:130,0
DA:138,0
DA:139,0
DA:140,0
DA:141,0
DA:142,0
DA:143,0
DA:144,0
DA:146,0
DA:147,0
DA:152,0
DA:153,0
DA:154,0
DA:155,0
DA:156,0
DA:158,0
DA:161,0
DA:170,0
DA:171,0
DA:172,0
DA:173,0
DA:174,0
DA:175,0
DA:176,0
DA:177,0
DA:178,0
DA:183,0
DA:188,0
DA:189,0
DA:190,0
DA:191,0
DA:192,0
DA:193,0
DA:194,0
DA:196,0
DA:199,0
DA:203,0
DA:211,0
DA:213,0
DA:214,0
DA:215,0
DA:217,0
DA:218,0
DA:219,0
DA:220,0
DA:226,0
DA:227,0
DA:228,0
DA:230,0
DA:233,0
DA:241,0
DA:242,0
DA:244,0
DA:245,0
DA:246,0
DA:248,0
DA:249,0
DA:250,0
DA:251,0
DA:257,0
DA:258,0
DA:259,0
DA:261,0
DA:264,0
DA:272,0
DA:274,0
DA:275,0
DA:276,0
DA:277,0
DA:278,0
DA:279,0
DA:284,0
DA:289,0
DA:290,0
DA:291,0
DA:292,0
DA:294,0
DA:297,0
DA:305,0
DA:306,0
DA:307,0
DA:308,0
DA:310,0
DA:311,0
DA:312,0
DA:313,0
DA:314,0
DA:315,0
DA:319,0
DA:320,0
DA:322,0
DA:325,0
DA:333,0
DA:334,0
DA:335,0
DA:336,0
DA:337,0
DA:339,0
DA:342,0
DA:350,0
DA:351,0
DA:352,0
DA:357,0
DA:358,0
DA:359,0
DA:361,0
DA:363,0
DA:364,0
DA:365,0
DA:366,0
DA:367,0
DA:368,0
DA:369,0
DA:371,0
DA:372,0
DA:373,0
DA:375,0
DA:379,0
DA:385,2
LF:186
LH:20
BRDA:35,0,0,0
BRDA:35,0,1,0
BRDA:65,1,0,0
BRDA:65,1,1,0
BRDA:99,2,0,0
BRDA:99,2,1,0
BRDA:104,3,0,0
BRDA:104,3,1,0
BRDA:104,4,0,0
BRDA:104,4,1,0
BRDA:140,5,0,0
BRDA:140,5,1,0
BRDA:140,6,0,0
BRDA:140,6,1,0
BRDA:173,7,0,0
BRDA:173,7,1,0
BRDA:173,8,0,0
BRDA:173,8,1,0
BRDA:175,9,0,0
BRDA:175,9,1,0
BRDA:215,10,0,0
BRDA:215,10,1,0
BRDA:215,11,0,0
BRDA:215,11,1,0
BRDA:246,12,0,0
BRDA:246,12,1,0
BRDA:275,13,0,0
BRDA:275,13,1,0
BRDA:307,14,0,0
BRDA:307,14,1,0
BRDA:313,15,0,0
BRDA:313,15,1,0
BRDA:313,16,0,0
BRDA:313,16,1,0
BRDA:336,17,0,0
BRDA:336,17,1,0
BRDA:358,18,0,0
BRDA:358,18,1,0
BRDA:365,19,0,0
BRDA:365,19,1,0
BRDA:365,20,0,0
BRDA:365,20,1,0
BRDA:372,21,0,0
BRDA:372,21,1,0
BRF:44
BRH:0
end_of_record
TN:
SF:app/modules/webservice/master.controller.js
FN:14,(anonymous_0)
FN:21,(anonymous_1)
FN:38,(anonymous_2)
FNF:3
FNH:3
FNDA:2,(anonymous_0)
FNDA:1,(anonymous_1)
FNDA:1,(anonymous_2)
DA:1,2
DA:2,2
DA:3,2
DA:4,2
DA:5,2
DA:6,2
DA:7,2
DA:8,2
DA:9,2
DA:10,2
DA:11,2
DA:22,1
DA:23,1
DA:24,1
DA:25,0
DA:27,1
DA:30,0
DA:39,1
DA:40,1
DA:41,1
DA:42,0
DA:44,1
DA:47,0
DA:52,2
LF:24
LH:20
BRDA:24,0,0,0
BRDA:24,0,1,1
BRDA:41,1,0,0
BRDA:41,1,1,1
BRF:4
BRH:2
end_of_record
TN:
SF:app/routes/admin/user.routes.js
FN:20,(anonymous_0)
FN:23,(anonymous_1)
FN:26,(anonymous_2)
FNF:3
FNH:0
FNDA:0,(anonymous_0)
FNDA:0,(anonymous_1)
FNDA:0,(anonymous_2)
DA:1,2
DA:2,2
DA:3,2
DA:4,2
DA:5,2
DA:6,2
DA:8,2
DA:9,2
DA:10,2
DA:11,2
DA:12,2
DA:14,2
DA:21,0
DA:24,0
DA:27,0
DA:32,2
DA:96,2
DA:135,2
DA:137,2
DA:154,2
DA:187,2
DA:238,2
DA:240,2
LF:23
LH:20
BRF:0
BRH:0
end_of_record
TN:
SF:app/routes/api/customer.routes.js
FN:20,(anonymous_0)
FN:23,(anonymous_1)
FN:26,(anonymous_2)
FNF:3
FNH:0
FNDA:0,(anonymous_0)
FNDA:0,(anonymous_1)
FNDA:0,(anonymous_2)
DA:1,2
DA:2,2
DA:3,2
DA:4,2
DA:5,2
DA:6,2
DA:8,2
DA:9,2
DA:10,2
DA:11,2
DA:12,2
DA:14,2
DA:21,0
DA:24,0
DA:27,0
DA:32,2
DA:65,2
DA:96,2
DA:152,2
DA:180,2
DA:208,2
DA:230,2
DA:261,2
DA:299,2
DA:302,2
DA:319,2
DA:411,2
DA:413,2
LF:28
LH:25
BRF:0
BRH:0
end_of_record
TN:
SF:app/routes/api/master.routes.js
FNF:0
FNH:0
DA:1,2
DA:2,2
DA:3,2
DA:4,2
DA:5,2
DA:6,2
DA:7,2
DA:8,2
DA:23,2
DA:38,2
DA:40,2
LF:11
LH:11
BRF:0
BRH:0
end_of_record
